*** Installation started 2010/03/08 09:54 ***
Source: C:\DOKUME~1\ar\LOKALE~1\Temp\numpy-1.1.0-sse3.exe
999 Root Key: HKEY_LOCAL_MACHINE
020 Reg DB Key: [Software\Microsoft\Windows\CurrentVersion\Uninstall]numpy-py2.5
040 Reg DB Value: [Software\Microsoft\Windows\CurrentVersion\Uninstall\numpy-py2.5]DisplayName=Python 2.5 numpy-1.1.0
040 Reg DB Value: [Software\Microsoft\Windows\CurrentVersion\Uninstall\numpy-py2.5]UninstallString="C:\Python25\Removenumpy.exe" -u "C:\Python25\numpy-wininst.log"
200 File Copy: C:\Python25\Lib\site-packages\numpy-1.1.0-py2.5.egg-info
100 Made Dir: C:\Python25\Lib\site-packages\numpy
200 File Copy: C:\Python25\Lib\site-packages\numpy\add_newdocs.py
200 File Copy: C:\Python25\Lib\site-packages\numpy\COMPATIBILITY
200 File Copy: C:\Python25\Lib\site-packages\numpy\ctypeslib.py
200 File Copy: C:\Python25\Lib\site-packages\numpy\DEV_README.txt
200 File Copy: C:\Python25\Lib\site-packages\numpy\dual.py
200 File Copy: C:\Python25\Lib\site-packages\numpy\LICENSE.txt
200 File Copy: C:\Python25\Lib\site-packages\numpy\matlib.py
200 File Copy: C:\Python25\Lib\site-packages\numpy\README.txt
200 File Copy: C:\Python25\Lib\site-packages\numpy\setup.py
200 File Copy: C:\Python25\Lib\site-packages\numpy\setupscons.py
200 File Copy: C:\Python25\Lib\site-packages\numpy\site.cfg.example
200 File Copy: C:\Python25\Lib\site-packages\numpy\THANKS.txt
200 File Copy: C:\Python25\Lib\site-packages\numpy\version.py
200 File Copy: C:\Python25\Lib\site-packages\numpy\_import_tools.py
200 File Copy: C:\Python25\Lib\site-packages\numpy\__config__.py
200 File Copy: C:\Python25\Lib\site-packages\numpy\__init__.py
100 Made Dir: C:\Python25\Lib\site-packages\numpy\core
200 File Copy: C:\Python25\Lib\site-packages\numpy\core\arrayprint.py
200 File Copy: C:\Python25\Lib\site-packages\numpy\core\defchararray.py
200 File Copy: C:\Python25\Lib\site-packages\numpy\core\defmatrix.py
200 File Copy: C:\Python25\Lib\site-packages\numpy\core\fromnumeric.py
200 File Copy: C:\Python25\Lib\site-packages\numpy\core\generate_array_api.py
200 File Copy: C:\Python25\Lib\site-packages\numpy\core\info.py
200 File Copy: C:\Python25\Lib\site-packages\numpy\core\memmap.py
200 File Copy: C:\Python25\Lib\site-packages\numpy\core\multiarray.pyd
200 File Copy: C:\Python25\Lib\site-packages\numpy\core\numeric.py
200 File Copy: C:\Python25\Lib\site-packages\numpy\core\numerictypes.py
200 File Copy: C:\Python25\Lib\site-packages\numpy\core\records.py
200 File Copy: C:\Python25\Lib\site-packages\numpy\core\scalarmath.pyd
200 File Copy: C:\Python25\Lib\site-packages\numpy\core\scons_support.py
200 File Copy: C:\Python25\Lib\site-packages\numpy\core\setup.py
200 File Copy: C:\Python25\Lib\site-packages\numpy\core\setupscons.py
200 File Copy: C:\Python25\Lib\site-packages\numpy\core\umath.pyd
200 File Copy: C:\Python25\Lib\site-packages\numpy\core\_dotblas.pyd
200 File Copy: C:\Python25\Lib\site-packages\numpy\core\_internal.py
200 File Copy: C:\Python25\Lib\site-packages\numpy\core\_sort.pyd
200 File Copy: C:\Python25\Lib\site-packages\numpy\core\__init__.py
200 File Copy: C:\Python25\Lib\site-packages\numpy\core\__svn_version__.py
100 Made Dir: C:\Python25\Lib\site-packages\numpy\core\include
100 Made Dir: C:\Python25\Lib\site-packages\numpy\core\include\numpy
200 File Copy: C:\Python25\Lib\site-packages\numpy\core\include\numpy\arrayobject.h
200 File Copy: C:\Python25\Lib\site-packages\numpy\core\include\numpy\arrayscalars.h
200 File Copy: C:\Python25\Lib\site-packages\numpy\core\include\numpy\multiarray_api.txt
200 File Copy: C:\Python25\Lib\site-packages\numpy\core\include\numpy\ndarrayobject.h
200 File Copy: C:\Python25\Lib\site-packages\numpy\core\include\numpy\noprefix.h
200 File Copy: C:\Python25\Lib\site-packages\numpy\core\include\numpy\npy_interrupt.h
200 File Copy: C:\Python25\Lib\site-packages\numpy\core\include\numpy\numpyconfig.h
200 File Copy: C:\Python25\Lib\site-packages\numpy\core\include\numpy\oldnumeric.h
200 File Copy: C:\Python25\Lib\site-packages\numpy\core\include\numpy\old_defines.h
200 File Copy: C:\Python25\Lib\site-packages\numpy\core\include\numpy\ufuncobject.h
200 File Copy: C:\Python25\Lib\site-packages\numpy\core\include\numpy\ufunc_api.txt
200 File Copy: C:\Python25\Lib\site-packages\numpy\core\include\numpy\__multiarray_api.h
200 File Copy: C:\Python25\Lib\site-packages\numpy\core\include\numpy\__ufunc_api.h
100 Made Dir: C:\Python25\Lib\site-packages\numpy\core\tests
200 File Copy: C:\Python25\Lib\site-packages\numpy\core\tests\test_defmatrix.py
200 File Copy: C:\Python25\Lib\site-packages\numpy\core\tests\test_errstate.py
200 File Copy: C:\Python25\Lib\site-packages\numpy\core\tests\test_memmap.py
200 File Copy: C:\Python25\Lib\site-packages\numpy\core\tests\test_multiarray.py
200 File Copy: C:\Python25\Lib\site-packages\numpy\core\tests\test_numeric.py
200 File Copy: C:\Python25\Lib\site-packages\numpy\core\tests\test_numerictypes.py
200 File Copy: C:\Python25\Lib\site-packages\numpy\core\tests\test_records.py
200 File Copy: C:\Python25\Lib\site-packages\numpy\core\tests\test_regression.py
200 File Copy: C:\Python25\Lib\site-packages\numpy\core\tests\test_scalarmath.py
200 File Copy: C:\Python25\Lib\site-packages\numpy\core\tests\test_ufunc.py
200 File Copy: C:\Python25\Lib\site-packages\numpy\core\tests\test_umath.py
200 File Copy: C:\Python25\Lib\site-packages\numpy\core\tests\test_unicode.py
100 Made Dir: C:\Python25\Lib\site-packages\numpy\core\tests\data
200 File Copy: C:\Python25\Lib\site-packages\numpy\core\tests\data\astype_copy.pkl
200 File Copy: C:\Python25\Lib\site-packages\numpy\core\tests\data\recarray_from_file.fits
100 Made Dir: C:\Python25\Lib\site-packages\numpy\distutils
200 File Copy: C:\Python25\Lib\site-packages\numpy\distutils\ccompiler.py
200 File Copy: C:\Python25\Lib\site-packages\numpy\distutils\conv_template.py
200 File Copy: C:\Python25\Lib\site-packages\numpy\distutils\core.py
200 File Copy: C:\Python25\Lib\site-packages\numpy\distutils\cpuinfo.py
200 File Copy: C:\Python25\Lib\site-packages\numpy\distutils\environment.py
200 File Copy: C:\Python25\Lib\site-packages\numpy\distutils\exec_command.py
200 File Copy: C:\Python25\Lib\site-packages\numpy\distutils\extension.py
200 File Copy: C:\Python25\Lib\site-packages\numpy\distutils\from_template.py
200 File Copy: C:\Python25\Lib\site-packages\numpy\distutils\info.py
200 File Copy: C:\Python25\Lib\site-packages\numpy\distutils\intelccompiler.py
200 File Copy: C:\Python25\Lib\site-packages\numpy\distutils\interactive.py
200 File Copy: C:\Python25\Lib\site-packages\numpy\distutils\lib2def.py
200 File Copy: C:\Python25\Lib\site-packages\numpy\distutils\line_endings.py
200 File Copy: C:\Python25\Lib\site-packages\numpy\distutils\log.py
200 File Copy: C:\Python25\Lib\site-packages\numpy\distutils\mingw32ccompiler.py
200 File Copy: C:\Python25\Lib\site-packages\numpy\distutils\misc_util.py
200 File Copy: C:\Python25\Lib\site-packages\numpy\distutils\numpy_distribution.py
200 File Copy: C:\Python25\Lib\site-packages\numpy\distutils\setup.py
200 File Copy: C:\Python25\Lib\site-packages\numpy\distutils\setupscons.py
200 File Copy: C:\Python25\Lib\site-packages\numpy\distutils\site.cfg
200 File Copy: C:\Python25\Lib\site-packages\numpy\distutils\system_info.py
200 File Copy: C:\Python25\Lib\site-packages\numpy\distutils\unixccompiler.py
200 File Copy: C:\Python25\Lib\site-packages\numpy\distutils\__config__.py
200 File Copy: C:\Python25\Lib\site-packages\numpy\distutils\__init__.py
200 File Copy: C:\Python25\Lib\site-packages\numpy\distutils\__version__.py
100 Made Dir: C:\Python25\Lib\site-packages\numpy\distutils\command
200 File Copy: C:\Python25\Lib\site-packages\numpy\distutils\command\bdist_rpm.py
200 File Copy: C:\Python25\Lib\site-packages\numpy\distutils\command\build.py
200 File Copy: C:\Python25\Lib\site-packages\numpy\distutils\command\build_clib.py
200 File Copy: C:\Python25\Lib\site-packages\numpy\distutils\command\build_ext.py
200 File Copy: C:\Python25\Lib\site-packages\numpy\distutils\command\build_py.py
200 File Copy: C:\Python25\Lib\site-packages\numpy\distutils\command\build_scripts.py
200 File Copy: C:\Python25\Lib\site-packages\numpy\distutils\command\build_src.py
200 File Copy: C:\Python25\Lib\site-packages\numpy\distutils\command\config.py
200 File Copy: C:\Python25\Lib\site-packages\numpy\distutils\command\config_compiler.py
200 File Copy: C:\Python25\Lib\site-packages\numpy\distutils\command\develop.py
200 File Copy: C:\Python25\Lib\site-packages\numpy\distutils\command\egg_info.py
200 File Copy: C:\Python25\Lib\site-packages\numpy\distutils\command\install.py
200 File Copy: C:\Python25\Lib\site-packages\numpy\distutils\command\install_data.py
200 File Copy: C:\Python25\Lib\site-packages\numpy\distutils\command\install_headers.py
200 File Copy: C:\Python25\Lib\site-packages\numpy\distutils\command\scons.py
200 File Copy: C:\Python25\Lib\site-packages\numpy\distutils\command\sdist.py
200 File Copy: C:\Python25\Lib\site-packages\numpy\distutils\command\__init__.py
100 Made Dir: C:\Python25\Lib\site-packages\numpy\distutils\fcompiler
200 File Copy: C:\Python25\Lib\site-packages\numpy\distutils\fcompiler\absoft.py
200 File Copy: C:\Python25\Lib\site-packages\numpy\distutils\fcompiler\compaq.py
200 File Copy: C:\Python25\Lib\site-packages\numpy\distutils\fcompiler\g95.py
200 File Copy: C:\Python25\Lib\site-packages\numpy\distutils\fcompiler\gnu.py
200 File Copy: C:\Python25\Lib\site-packages\numpy\distutils\fcompiler\hpux.py
200 File Copy: C:\Python25\Lib\site-packages\numpy\distutils\fcompiler\ibm.py
200 File Copy: C:\Python25\Lib\site-packages\numpy\distutils\fcompiler\intel.py
200 File Copy: C:\Python25\Lib\site-packages\numpy\distutils\fcompiler\lahey.py
200 File Copy: C:\Python25\Lib\site-packages\numpy\distutils\fcompiler\mips.py
200 File Copy: C:\Python25\Lib\site-packages\numpy\distutils\fcompiler\nag.py
200 File Copy: C:\Python25\Lib\site-packages\numpy\distutils\fcompiler\none.py
200 File Copy: C:\Python25\Lib\site-packages\numpy\distutils\fcompiler\pg.py
200 File Copy: C:\Python25\Lib\site-packages\numpy\distutils\fcompiler\sun.py
200 File Copy: C:\Python25\Lib\site-packages\numpy\distutils\fcompiler\vast.py
200 File Copy: C:\Python25\Lib\site-packages\numpy\distutils\fcompiler\__init__.py
100 Made Dir: C:\Python25\Lib\site-packages\numpy\distutils\tests
200 File Copy: C:\Python25\Lib\site-packages\numpy\distutils\tests\setup.py
200 File Copy: C:\Python25\Lib\site-packages\numpy\distutils\tests\test_fcompiler_gnu.py
200 File Copy: C:\Python25\Lib\site-packages\numpy\distutils\tests\test_misc_util.py
100 Made Dir: C:\Python25\Lib\site-packages\numpy\distutils\tests\f2py_ext
200 File Copy: C:\Python25\Lib\site-packages\numpy\distutils\tests\f2py_ext\setup.py
200 File Copy: C:\Python25\Lib\site-packages\numpy\distutils\tests\f2py_ext\__init__.py
100 Made Dir: C:\Python25\Lib\site-packages\numpy\distutils\tests\f2py_ext\src
200 File Copy: C:\Python25\Lib\site-packages\numpy\distutils\tests\f2py_ext\src\fib1.f
200 File Copy: C:\Python25\Lib\site-packages\numpy\distutils\tests\f2py_ext\src\fib2.pyf
100 Made Dir: C:\Python25\Lib\site-packages\numpy\distutils\tests\f2py_ext\tests
200 File Copy: C:\Python25\Lib\site-packages\numpy\distutils\tests\f2py_ext\tests\test_fib2.py
100 Made Dir: C:\Python25\Lib\site-packages\numpy\distutils\tests\f2py_f90_ext
200 File Copy: C:\Python25\Lib\site-packages\numpy\distutils\tests\f2py_f90_ext\setup.py
200 File Copy: C:\Python25\Lib\site-packages\numpy\distutils\tests\f2py_f90_ext\__init__.py
100 Made Dir: C:\Python25\Lib\site-packages\numpy\distutils\tests\f2py_f90_ext\include
200 File Copy: C:\Python25\Lib\site-packages\numpy\distutils\tests\f2py_f90_ext\include\body.f90
100 Made Dir: C:\Python25\Lib\site-packages\numpy\distutils\tests\f2py_f90_ext\src
200 File Copy: C:\Python25\Lib\site-packages\numpy\distutils\tests\f2py_f90_ext\src\foo_free.f90
100 Made Dir: C:\Python25\Lib\site-packages\numpy\distutils\tests\f2py_f90_ext\tests
200 File Copy: C:\Python25\Lib\site-packages\numpy\distutils\tests\f2py_f90_ext\tests\test_foo.py
100 Made Dir: C:\Python25\Lib\site-packages\numpy\distutils\tests\gen_ext
200 File Copy: C:\Python25\Lib\site-packages\numpy\distutils\tests\gen_ext\setup.py
200 File Copy: C:\Python25\Lib\site-packages\numpy\distutils\tests\gen_ext\__init__.py
100 Made Dir: C:\Python25\Lib\site-packages\numpy\distutils\tests\gen_ext\tests
200 File Copy: C:\Python25\Lib\site-packages\numpy\distutils\tests\gen_ext\tests\test_fib3.py
100 Made Dir: C:\Python25\Lib\site-packages\numpy\distutils\tests\pyrex_ext
200 File Copy: C:\Python25\Lib\site-packages\numpy\distutils\tests\pyrex_ext\primes.pyx
200 File Copy: C:\Python25\Lib\site-packages\numpy\distutils\tests\pyrex_ext\setup.py
200 File Copy: C:\Python25\Lib\site-packages\numpy\distutils\tests\pyrex_ext\__init__.py
100 Made Dir: C:\Python25\Lib\site-packages\numpy\distutils\tests\pyrex_ext\tests
200 File Copy: C:\Python25\Lib\site-packages\numpy\distutils\tests\pyrex_ext\tests\test_primes.py
100 Made Dir: C:\Python25\Lib\site-packages\numpy\distutils\tests\swig_ext
200 File Copy: C:\Python25\Lib\site-packages\numpy\distutils\tests\swig_ext\setup.py
200 File Copy: C:\Python25\Lib\site-packages\numpy\distutils\tests\swig_ext\__init__.py
100 Made Dir: C:\Python25\Lib\site-packages\numpy\distutils\tests\swig_ext\src
200 File Copy: C:\Python25\Lib\site-packages\numpy\distutils\tests\swig_ext\src\example.c
200 File Copy: C:\Python25\Lib\site-packages\numpy\distutils\tests\swig_ext\src\example.i
200 File Copy: C:\Python25\Lib\site-packages\numpy\distutils\tests\swig_ext\src\zoo.cc
200 File Copy: C:\Python25\Lib\site-packages\numpy\distutils\tests\swig_ext\src\zoo.h
200 File Copy: C:\Python25\Lib\site-packages\numpy\distutils\tests\swig_ext\src\zoo.i
100 Made Dir: C:\Python25\Lib\site-packages\numpy\distutils\tests\swig_ext\tests
200 File Copy: C:\Python25\Lib\site-packages\numpy\distutils\tests\swig_ext\tests\test_example.py
200 File Copy: C:\Python25\Lib\site-packages\numpy\distutils\tests\swig_ext\tests\test_example2.py
100 Made Dir: C:\Python25\Lib\site-packages\numpy\doc
200 File Copy: C:\Python25\Lib\site-packages\numpy\doc\CAPI.txt
200 File Copy: C:\Python25\Lib\site-packages\numpy\doc\DISTUTILS.txt
200 File Copy: C:\Python25\Lib\site-packages\numpy\doc\example.py
200 File Copy: C:\Python25\Lib\site-packages\numpy\doc\HOWTO_BUILD_DOCS.txt
200 File Copy: C:\Python25\Lib\site-packages\numpy\doc\HOWTO_DOCUMENT.txt
200 File Copy: C:\Python25\Lib\site-packages\numpy\doc\npy-format.txt
200 File Copy: C:\Python25\Lib\site-packages\numpy\doc\pep_buffer.txt
200 File Copy: C:\Python25\Lib\site-packages\numpy\doc\README.txt
200 File Copy: C:\Python25\Lib\site-packages\numpy\doc\records.txt
200 File Copy: C:\Python25\Lib\site-packages\numpy\doc\ufuncs.txt
100 Made Dir: C:\Python25\Lib\site-packages\numpy\doc\cython
200 File Copy: C:\Python25\Lib\site-packages\numpy\doc\cython\Makefile
200 File Copy: C:\Python25\Lib\site-packages\numpy\doc\cython\MANIFEST
200 File Copy: C:\Python25\Lib\site-packages\numpy\doc\cython\numpy.pxi
200 File Copy: C:\Python25\Lib\site-packages\numpy\doc\cython\numpyx.pyx
200 File Copy: C:\Python25\Lib\site-packages\numpy\doc\cython\Python.pxi
200 File Copy: C:\Python25\Lib\site-packages\numpy\doc\cython\README.txt
200 File Copy: C:\Python25\Lib\site-packages\numpy\doc\cython\run_test.py
200 File Copy: C:\Python25\Lib\site-packages\numpy\doc\cython\setup.py
100 Made Dir: C:\Python25\Lib\site-packages\numpy\doc\html
200 File Copy: C:\Python25\Lib\site-packages\numpy\doc\html\api-objects.txt
200 File Copy: C:\Python25\Lib\site-packages\numpy\doc\html\crarr.png
200 File Copy: C:\Python25\Lib\site-packages\numpy\doc\html\epydoc.css
200 File Copy: C:\Python25\Lib\site-packages\numpy\doc\html\epydoc.js
200 File Copy: C:\Python25\Lib\site-packages\numpy\doc\html\example-module.html
200 File Copy: C:\Python25\Lib\site-packages\numpy\doc\html\example-pysrc.html
200 File Copy: C:\Python25\Lib\site-packages\numpy\doc\html\frames.html
200 File Copy: C:\Python25\Lib\site-packages\numpy\doc\html\help.html
200 File Copy: C:\Python25\Lib\site-packages\numpy\doc\html\identifier-index.html
200 File Copy: C:\Python25\Lib\site-packages\numpy\doc\html\index.html
200 File Copy: C:\Python25\Lib\site-packages\numpy\doc\html\module-tree.html
200 File Copy: C:\Python25\Lib\site-packages\numpy\doc\html\redirect.html
200 File Copy: C:\Python25\Lib\site-packages\numpy\doc\html\toc-everything.html
200 File Copy: C:\Python25\Lib\site-packages\numpy\doc\html\toc-example-module.html
200 File Copy: C:\Python25\Lib\site-packages\numpy\doc\html\toc.html
100 Made Dir: C:\Python25\Lib\site-packages\numpy\doc\newdtype_example
200 File Copy: C:\Python25\Lib\site-packages\numpy\doc\newdtype_example\example.py
200 File Copy: C:\Python25\Lib\site-packages\numpy\doc\newdtype_example\floatint.c
200 File Copy: C:\Python25\Lib\site-packages\numpy\doc\newdtype_example\setup.py
100 Made Dir: C:\Python25\Lib\site-packages\numpy\doc\newdtype_example\floatint
200 File Copy: C:\Python25\Lib\site-packages\numpy\doc\newdtype_example\floatint\__init__.py
100 Made Dir: C:\Python25\Lib\site-packages\numpy\doc\pyrex
200 File Copy: C:\Python25\Lib\site-packages\numpy\doc\pyrex\c_numpy.pxd
200 File Copy: C:\Python25\Lib\site-packages\numpy\doc\pyrex\c_python.pxd
200 File Copy: C:\Python25\Lib\site-packages\numpy\doc\pyrex\Makefile
200 File Copy: C:\Python25\Lib\site-packages\numpy\doc\pyrex\MANIFEST
200 File Copy: C:\Python25\Lib\site-packages\numpy\doc\pyrex\notes
200 File Copy: C:\Python25\Lib\site-packages\numpy\doc\pyrex\numpyx.c
200 File Copy: C:\Python25\Lib\site-packages\numpy\doc\pyrex\numpyx.pyx
200 File Copy: C:\Python25\Lib\site-packages\numpy\doc\pyrex\README.txt
200 File Copy: C:\Python25\Lib\site-packages\numpy\doc\pyrex\run_test.py
200 File Copy: C:\Python25\Lib\site-packages\numpy\doc\pyrex\setup.py
100 Made Dir: C:\Python25\Lib\site-packages\numpy\doc\swig
200 File Copy: C:\Python25\Lib\site-packages\numpy\doc\swig\Makefile
200 File Copy: C:\Python25\Lib\site-packages\numpy\doc\swig\numpy.i
200 File Copy: C:\Python25\Lib\site-packages\numpy\doc\swig\pyfragments.swg
200 File Copy: C:\Python25\Lib\site-packages\numpy\doc\swig\README
100 Made Dir: C:\Python25\Lib\site-packages\numpy\doc\swig\doc
200 File Copy: C:\Python25\Lib\site-packages\numpy\doc\swig\doc\Makefile
200 File Copy: C:\Python25\Lib\site-packages\numpy\doc\swig\doc\numpy_swig.html
200 File Copy: C:\Python25\Lib\site-packages\numpy\doc\swig\doc\numpy_swig.pdf
200 File Copy: C:\Python25\Lib\site-packages\numpy\doc\swig\doc\numpy_swig.txt
200 File Copy: C:\Python25\Lib\site-packages\numpy\doc\swig\doc\testing.html
200 File Copy: C:\Python25\Lib\site-packages\numpy\doc\swig\doc\testing.pdf
200 File Copy: C:\Python25\Lib\site-packages\numpy\doc\swig\doc\testing.txt
100 Made Dir: C:\Python25\Lib\site-packages\numpy\doc\swig\test
200 File Copy: C:\Python25\Lib\site-packages\numpy\doc\swig\test\Array.i
200 File Copy: C:\Python25\Lib\site-packages\numpy\doc\swig\test\Array1.cxx
200 File Copy: C:\Python25\Lib\site-packages\numpy\doc\swig\test\Array1.h
200 File Copy: C:\Python25\Lib\site-packages\numpy\doc\swig\test\Array2.cxx
200 File Copy: C:\Python25\Lib\site-packages\numpy\doc\swig\test\Array2.h
200 File Copy: C:\Python25\Lib\site-packages\numpy\doc\swig\test\Farray.cxx
200 File Copy: C:\Python25\Lib\site-packages\numpy\doc\swig\test\Farray.h
200 File Copy: C:\Python25\Lib\site-packages\numpy\doc\swig\test\Farray.i
200 File Copy: C:\Python25\Lib\site-packages\numpy\doc\swig\test\Makefile
200 File Copy: C:\Python25\Lib\site-packages\numpy\doc\swig\test\Matrix.cxx
200 File Copy: C:\Python25\Lib\site-packages\numpy\doc\swig\test\Matrix.h
200 File Copy: C:\Python25\Lib\site-packages\numpy\doc\swig\test\Matrix.i
200 File Copy: C:\Python25\Lib\site-packages\numpy\doc\swig\test\setup.py
200 File Copy: C:\Python25\Lib\site-packages\numpy\doc\swig\test\Tensor.cxx
200 File Copy: C:\Python25\Lib\site-packages\numpy\doc\swig\test\Tensor.h
200 File Copy: C:\Python25\Lib\site-packages\numpy\doc\swig\test\Tensor.i
200 File Copy: C:\Python25\Lib\site-packages\numpy\doc\swig\test\testArray.py
200 File Copy: C:\Python25\Lib\site-packages\numpy\doc\swig\test\testFarray.py
200 File Copy: C:\Python25\Lib\site-packages\numpy\doc\swig\test\testMatrix.py
200 File Copy: C:\Python25\Lib\site-packages\numpy\doc\swig\test\testTensor.py
200 File Copy: C:\Python25\Lib\site-packages\numpy\doc\swig\test\testVector.py
200 File Copy: C:\Python25\Lib\site-packages\numpy\doc\swig\test\Vector.cxx
200 File Copy: C:\Python25\Lib\site-packages\numpy\doc\swig\test\Vector.h
200 File Copy: C:\Python25\Lib\site-packages\numpy\doc\swig\test\Vector.i
100 Made Dir: C:\Python25\Lib\site-packages\numpy\f2py
200 File Copy: C:\Python25\Lib\site-packages\numpy\f2py\auxfuncs.py
200 File Copy: C:\Python25\Lib\site-packages\numpy\f2py\capi_maps.py
200 File Copy: C:\Python25\Lib\site-packages\numpy\f2py\cb_rules.py
200 File Copy: C:\Python25\Lib\site-packages\numpy\f2py\cfuncs.py
200 File Copy: C:\Python25\Lib\site-packages\numpy\f2py\common_rules.py
200 File Copy: C:\Python25\Lib\site-packages\numpy\f2py\crackfortran.py
200 File Copy: C:\Python25\Lib\site-packages\numpy\f2py\diagnose.py
200 File Copy: C:\Python25\Lib\site-packages\numpy\f2py\f2py.1
200 File Copy: C:\Python25\Lib\site-packages\numpy\f2py\f2py2e.py
200 File Copy: C:\Python25\Lib\site-packages\numpy\f2py\f2py_testing.py
200 File Copy: C:\Python25\Lib\site-packages\numpy\f2py\f90mod_rules.py
200 File Copy: C:\Python25\Lib\site-packages\numpy\f2py\func2subr.py
200 File Copy: C:\Python25\Lib\site-packages\numpy\f2py\info.py
200 File Copy: C:\Python25\Lib\site-packages\numpy\f2py\rules.py
200 File Copy: C:\Python25\Lib\site-packages\numpy\f2py\setup.py
200 File Copy: C:\Python25\Lib\site-packages\numpy\f2py\setupscons.py
200 File Copy: C:\Python25\Lib\site-packages\numpy\f2py\use_rules.py
200 File Copy: C:\Python25\Lib\site-packages\numpy\f2py\__init__.py
200 File Copy: C:\Python25\Lib\site-packages\numpy\f2py\__svn_version__.py
200 File Copy: C:\Python25\Lib\site-packages\numpy\f2py\__version__.py
100 Made Dir: C:\Python25\Lib\site-packages\numpy\f2py\docs
200 File Copy: C:\Python25\Lib\site-packages\numpy\f2py\docs\default.css
200 File Copy: C:\Python25\Lib\site-packages\numpy\f2py\docs\docutils.conf
200 File Copy: C:\Python25\Lib\site-packages\numpy\f2py\docs\FAQ.txt
200 File Copy: C:\Python25\Lib\site-packages\numpy\f2py\docs\hello.f
200 File Copy: C:\Python25\Lib\site-packages\numpy\f2py\docs\HISTORY.txt
200 File Copy: C:\Python25\Lib\site-packages\numpy\f2py\docs\OLDNEWS.txt
200 File Copy: C:\Python25\Lib\site-packages\numpy\f2py\docs\pyforttest.pyf
200 File Copy: C:\Python25\Lib\site-packages\numpy\f2py\docs\pytest.py
200 File Copy: C:\Python25\Lib\site-packages\numpy\f2py\docs\README.txt
200 File Copy: C:\Python25\Lib\site-packages\numpy\f2py\docs\simple.f
200 File Copy: C:\Python25\Lib\site-packages\numpy\f2py\docs\simple_session.dat
200 File Copy: C:\Python25\Lib\site-packages\numpy\f2py\docs\TESTING.txt
200 File Copy: C:\Python25\Lib\site-packages\numpy\f2py\docs\THANKS.txt
100 Made Dir: C:\Python25\Lib\site-packages\numpy\f2py\docs\usersguide
200 File Copy: C:\Python25\Lib\site-packages\numpy\f2py\docs\usersguide\allocarr.f90
200 File Copy: C:\Python25\Lib\site-packages\numpy\f2py\docs\usersguide\allocarr_session.dat
200 File Copy: C:\Python25\Lib\site-packages\numpy\f2py\docs\usersguide\array.f
200 File Copy: C:\Python25\Lib\site-packages\numpy\f2py\docs\usersguide\array_session.dat
200 File Copy: C:\Python25\Lib\site-packages\numpy\f2py\docs\usersguide\calculate.f
200 File Copy: C:\Python25\Lib\site-packages\numpy\f2py\docs\usersguide\calculate_session.dat
200 File Copy: C:\Python25\Lib\site-packages\numpy\f2py\docs\usersguide\callback.f
200 File Copy: C:\Python25\Lib\site-packages\numpy\f2py\docs\usersguide\callback2.pyf
200 File Copy: C:\Python25\Lib\site-packages\numpy\f2py\docs\usersguide\callback_session.dat
200 File Copy: C:\Python25\Lib\site-packages\numpy\f2py\docs\usersguide\common.f
200 File Copy: C:\Python25\Lib\site-packages\numpy\f2py\docs\usersguide\common_session.dat
200 File Copy: C:\Python25\Lib\site-packages\numpy\f2py\docs\usersguide\compile_session.dat
200 File Copy: C:\Python25\Lib\site-packages\numpy\f2py\docs\usersguide\default.css
200 File Copy: C:\Python25\Lib\site-packages\numpy\f2py\docs\usersguide\docutils.conf
200 File Copy: C:\Python25\Lib\site-packages\numpy\f2py\docs\usersguide\extcallback.f
200 File Copy: C:\Python25\Lib\site-packages\numpy\f2py\docs\usersguide\extcallback_session.dat
200 File Copy: C:\Python25\Lib\site-packages\numpy\f2py\docs\usersguide\fib1.f
200 File Copy: C:\Python25\Lib\site-packages\numpy\f2py\docs\usersguide\fib1.pyf
200 File Copy: C:\Python25\Lib\site-packages\numpy\f2py\docs\usersguide\fib2.pyf
200 File Copy: C:\Python25\Lib\site-packages\numpy\f2py\docs\usersguide\fib3.f
200 File Copy: C:\Python25\Lib\site-packages\numpy\f2py\docs\usersguide\ftype.f
200 File Copy: C:\Python25\Lib\site-packages\numpy\f2py\docs\usersguide\ftype_session.dat
200 File Copy: C:\Python25\Lib\site-packages\numpy\f2py\docs\usersguide\index.txt
200 File Copy: C:\Python25\Lib\site-packages\numpy\f2py\docs\usersguide\moddata.f90
200 File Copy: C:\Python25\Lib\site-packages\numpy\f2py\docs\usersguide\moddata_session.dat
200 File Copy: C:\Python25\Lib\site-packages\numpy\f2py\docs\usersguide\run_main_session.dat
200 File Copy: C:\Python25\Lib\site-packages\numpy\f2py\docs\usersguide\scalar.f
200 File Copy: C:\Python25\Lib\site-packages\numpy\f2py\docs\usersguide\scalar_session.dat
200 File Copy: C:\Python25\Lib\site-packages\numpy\f2py\docs\usersguide\setup_example.py
200 File Copy: C:\Python25\Lib\site-packages\numpy\f2py\docs\usersguide\spam.pyf
200 File Copy: C:\Python25\Lib\site-packages\numpy\f2py\docs\usersguide\spam_session.dat
200 File Copy: C:\Python25\Lib\site-packages\numpy\f2py\docs\usersguide\string.f
200 File Copy: C:\Python25\Lib\site-packages\numpy\f2py\docs\usersguide\string_session.dat
200 File Copy: C:\Python25\Lib\site-packages\numpy\f2py\docs\usersguide\var.pyf
200 File Copy: C:\Python25\Lib\site-packages\numpy\f2py\docs\usersguide\var_session.dat
100 Made Dir: C:\Python25\Lib\site-packages\numpy\f2py\lib
200 File Copy: C:\Python25\Lib\site-packages\numpy\f2py\lib\api.py
200 File Copy: C:\Python25\Lib\site-packages\numpy\f2py\lib\doc.txt
200 File Copy: C:\Python25\Lib\site-packages\numpy\f2py\lib\main.py
200 File Copy: C:\Python25\Lib\site-packages\numpy\f2py\lib\nary.py
200 File Copy: C:\Python25\Lib\site-packages\numpy\f2py\lib\py_wrap.py
200 File Copy: C:\Python25\Lib\site-packages\numpy\f2py\lib\py_wrap_subprogram.py
200 File Copy: C:\Python25\Lib\site-packages\numpy\f2py\lib\py_wrap_type.py
200 File Copy: C:\Python25\Lib\site-packages\numpy\f2py\lib\setup.py
200 File Copy: C:\Python25\Lib\site-packages\numpy\f2py\lib\wrapper_base.py
200 File Copy: C:\Python25\Lib\site-packages\numpy\f2py\lib\__init__.py
100 Made Dir: C:\Python25\Lib\site-packages\numpy\f2py\lib\extgen
200 File Copy: C:\Python25\Lib\site-packages\numpy\f2py\lib\extgen\base.py
200 File Copy: C:\Python25\Lib\site-packages\numpy\f2py\lib\extgen\c_support.py
200 File Copy: C:\Python25\Lib\site-packages\numpy\f2py\lib\extgen\py_support.py
200 File Copy: C:\Python25\Lib\site-packages\numpy\f2py\lib\extgen\setup_py.py
200 File Copy: C:\Python25\Lib\site-packages\numpy\f2py\lib\extgen\utils.py
200 File Copy: C:\Python25\Lib\site-packages\numpy\f2py\lib\extgen\__init__.py
100 Made Dir: C:\Python25\Lib\site-packages\numpy\f2py\lib\parser
200 File Copy: C:\Python25\Lib\site-packages\numpy\f2py\lib\parser\api.py
200 File Copy: C:\Python25\Lib\site-packages\numpy\f2py\lib\parser\base_classes.py
200 File Copy: C:\Python25\Lib\site-packages\numpy\f2py\lib\parser\block_statements.py
200 File Copy: C:\Python25\Lib\site-packages\numpy\f2py\lib\parser\doc.txt
200 File Copy: C:\Python25\Lib\site-packages\numpy\f2py\lib\parser\Fortran2003.py
200 File Copy: C:\Python25\Lib\site-packages\numpy\f2py\lib\parser\parsefortran.py
200 File Copy: C:\Python25\Lib\site-packages\numpy\f2py\lib\parser\pattern_tools.py
200 File Copy: C:\Python25\Lib\site-packages\numpy\f2py\lib\parser\readfortran.py
200 File Copy: C:\Python25\Lib\site-packages\numpy\f2py\lib\parser\sourceinfo.py
200 File Copy: C:\Python25\Lib\site-packages\numpy\f2py\lib\parser\splitline.py
200 File Copy: C:\Python25\Lib\site-packages\numpy\f2py\lib\parser\statements.py
200 File Copy: C:\Python25\Lib\site-packages\numpy\f2py\lib\parser\test_Fortran2003.py
200 File Copy: C:\Python25\Lib\site-packages\numpy\f2py\lib\parser\test_parser.py
200 File Copy: C:\Python25\Lib\site-packages\numpy\f2py\lib\parser\typedecl_statements.py
200 File Copy: C:\Python25\Lib\site-packages\numpy\f2py\lib\parser\utils.py
200 File Copy: C:\Python25\Lib\site-packages\numpy\f2py\lib\parser\__init__.py
100 Made Dir: C:\Python25\Lib\site-packages\numpy\f2py\lib\src
200 File Copy: C:\Python25\Lib\site-packages\numpy\f2py\lib\src\F_FUNC.cpp
200 File Copy: C:\Python25\Lib\site-packages\numpy\f2py\lib\src\pyobj_to_string_len.c
100 Made Dir: C:\Python25\Lib\site-packages\numpy\f2py\src
200 File Copy: C:\Python25\Lib\site-packages\numpy\f2py\src\fortranobject.c
200 File Copy: C:\Python25\Lib\site-packages\numpy\f2py\src\fortranobject.h
100 Made Dir: C:\Python25\Lib\site-packages\numpy\fft
200 File Copy: C:\Python25\Lib\site-packages\numpy\fft\fftpack.py
200 File Copy: C:\Python25\Lib\site-packages\numpy\fft\fftpack_lite.pyd
200 File Copy: C:\Python25\Lib\site-packages\numpy\fft\helper.py
200 File Copy: C:\Python25\Lib\site-packages\numpy\fft\info.py
200 File Copy: C:\Python25\Lib\site-packages\numpy\fft\setup.py
200 File Copy: C:\Python25\Lib\site-packages\numpy\fft\setupscons.py
200 File Copy: C:\Python25\Lib\site-packages\numpy\fft\__init__.py
100 Made Dir: C:\Python25\Lib\site-packages\numpy\fft\tests
200 File Copy: C:\Python25\Lib\site-packages\numpy\fft\tests\test_fftpack.py
200 File Copy: C:\Python25\Lib\site-packages\numpy\fft\tests\test_helper.py
100 Made Dir: C:\Python25\Lib\site-packages\numpy\lib
200 File Copy: C:\Python25\Lib\site-packages\numpy\lib\arraysetops.py
200 File Copy: C:\Python25\Lib\site-packages\numpy\lib\convdtype.py
200 File Copy: C:\Python25\Lib\site-packages\numpy\lib\financial.py
200 File Copy: C:\Python25\Lib\site-packages\numpy\lib\format.py
200 File Copy: C:\Python25\Lib\site-packages\numpy\lib\function_base.py
200 File Copy: C:\Python25\Lib\site-packages\numpy\lib\getlimits.py
200 File Copy: C:\Python25\Lib\site-packages\numpy\lib\index_tricks.py
200 File Copy: C:\Python25\Lib\site-packages\numpy\lib\info.py
200 File Copy: C:\Python25\Lib\site-packages\numpy\lib\io.py
200 File Copy: C:\Python25\Lib\site-packages\numpy\lib\machar.py
200 File Copy: C:\Python25\Lib\site-packages\numpy\lib\polynomial.py
200 File Copy: C:\Python25\Lib\site-packages\numpy\lib\scimath.py
200 File Copy: C:\Python25\Lib\site-packages\numpy\lib\setup.py
200 File Copy: C:\Python25\Lib\site-packages\numpy\lib\setupscons.py
200 File Copy: C:\Python25\Lib\site-packages\numpy\lib\shape_base.py
200 File Copy: C:\Python25\Lib\site-packages\numpy\lib\twodim_base.py
200 File Copy: C:\Python25\Lib\site-packages\numpy\lib\type_check.py
200 File Copy: C:\Python25\Lib\site-packages\numpy\lib\ufunclike.py
200 File Copy: C:\Python25\Lib\site-packages\numpy\lib\user_array.py
200 File Copy: C:\Python25\Lib\site-packages\numpy\lib\utils.py
200 File Copy: C:\Python25\Lib\site-packages\numpy\lib\_compiled_base.pyd
200 File Copy: C:\Python25\Lib\site-packages\numpy\lib\_datasource.py
200 File Copy: C:\Python25\Lib\site-packages\numpy\lib\__init__.py
100 Made Dir: C:\Python25\Lib\site-packages\numpy\lib\tests
200 File Copy: C:\Python25\Lib\site-packages\numpy\lib\tests\test_arraysetops.py
200 File Copy: C:\Python25\Lib\site-packages\numpy\lib\tests\test_financial.py
200 File Copy: C:\Python25\Lib\site-packages\numpy\lib\tests\test_format.py
200 File Copy: C:\Python25\Lib\site-packages\numpy\lib\tests\test_function_base.py
200 File Copy: C:\Python25\Lib\site-packages\numpy\lib\tests\test_getlimits.py
200 File Copy: C:\Python25\Lib\site-packages\numpy\lib\tests\test_index_tricks.py
200 File Copy: C:\Python25\Lib\site-packages\numpy\lib\tests\test_io.py
200 File Copy: C:\Python25\Lib\site-packages\numpy\lib\tests\test_machar.py
200 File Copy: C:\Python25\Lib\site-packages\numpy\lib\tests\test_polynomial.py
200 File Copy: C:\Python25\Lib\site-packages\numpy\lib\tests\test_regression.py
200 File Copy: C:\Python25\Lib\site-packages\numpy\lib\tests\test_shape_base.py
200 File Copy: C:\Python25\Lib\site-packages\numpy\lib\tests\test_twodim_base.py
200 File Copy: C:\Python25\Lib\site-packages\numpy\lib\tests\test_type_check.py
200 File Copy: C:\Python25\Lib\site-packages\numpy\lib\tests\test_ufunclike.py
200 File Copy: C:\Python25\Lib\site-packages\numpy\lib\tests\test__datasource.py
100 Made Dir: C:\Python25\Lib\site-packages\numpy\linalg
200 File Copy: C:\Python25\Lib\site-packages\numpy\linalg\info.py
200 File Copy: C:\Python25\Lib\site-packages\numpy\linalg\lapack_lite.pyd
200 File Copy: C:\Python25\Lib\site-packages\numpy\linalg\linalg.py
200 File Copy: C:\Python25\Lib\site-packages\numpy\linalg\setup.py
200 File Copy: C:\Python25\Lib\site-packages\numpy\linalg\setupscons.py
200 File Copy: C:\Python25\Lib\site-packages\numpy\linalg\__init__.py
100 Made Dir: C:\Python25\Lib\site-packages\numpy\linalg\tests
200 File Copy: C:\Python25\Lib\site-packages\numpy\linalg\tests\test_linalg.py
200 File Copy: C:\Python25\Lib\site-packages\numpy\linalg\tests\test_regression.py
100 Made Dir: C:\Python25\Lib\site-packages\numpy\ma
200 File Copy: C:\Python25\Lib\site-packages\numpy\ma\bench.py
200 File Copy: C:\Python25\Lib\site-packages\numpy\ma\core.py
200 File Copy: C:\Python25\Lib\site-packages\numpy\ma\extras.py
200 File Copy: C:\Python25\Lib\site-packages\numpy\ma\mrecords.py
200 File Copy: C:\Python25\Lib\site-packages\numpy\ma\setup.py
200 File Copy: C:\Python25\Lib\site-packages\numpy\ma\setupscons.py
200 File Copy: C:\Python25\Lib\site-packages\numpy\ma\testutils.py
200 File Copy: C:\Python25\Lib\site-packages\numpy\ma\timer_comparison.py
200 File Copy: C:\Python25\Lib\site-packages\numpy\ma\version.py
200 File Copy: C:\Python25\Lib\site-packages\numpy\ma\__init__.py
100 Made Dir: C:\Python25\Lib\site-packages\numpy\ma\tests
200 File Copy: C:\Python25\Lib\site-packages\numpy\ma\tests\test_core.py
200 File Copy: C:\Python25\Lib\site-packages\numpy\ma\tests\test_extras.py
200 File Copy: C:\Python25\Lib\site-packages\numpy\ma\tests\test_mrecords.py
200 File Copy: C:\Python25\Lib\site-packages\numpy\ma\tests\test_old_ma.py
200 File Copy: C:\Python25\Lib\site-packages\numpy\ma\tests\test_subclassing.py
100 Made Dir: C:\Python25\Lib\site-packages\numpy\numarray
200 File Copy: C:\Python25\Lib\site-packages\numpy\numarray\alter_code1.py
200 File Copy: C:\Python25\Lib\site-packages\numpy\numarray\alter_code2.py
200 File Copy: C:\Python25\Lib\site-packages\numpy\numarray\compat.py
200 File Copy: C:\Python25\Lib\site-packages\numpy\numarray\convolve.py
200 File Copy: C:\Python25\Lib\site-packages\numpy\numarray\fft.py
200 File Copy: C:\Python25\Lib\site-packages\numpy\numarray\functions.py
200 File Copy: C:\Python25\Lib\site-packages\numpy\numarray\image.py
200 File Copy: C:\Python25\Lib\site-packages\numpy\numarray\linear_algebra.py
200 File Copy: C:\Python25\Lib\site-packages\numpy\numarray\ma.py
200 File Copy: C:\Python25\Lib\site-packages\numpy\numarray\matrix.py
200 File Copy: C:\Python25\Lib\site-packages\numpy\numarray\mlab.py
200 File Copy: C:\Python25\Lib\site-packages\numpy\numarray\nd_image.py
200 File Copy: C:\Python25\Lib\site-packages\numpy\numarray\numerictypes.py
200 File Copy: C:\Python25\Lib\site-packages\numpy\numarray\random_array.py
200 File Copy: C:\Python25\Lib\site-packages\numpy\numarray\session.py
200 File Copy: C:\Python25\Lib\site-packages\numpy\numarray\setup.py
200 File Copy: C:\Python25\Lib\site-packages\numpy\numarray\setupscons.py
200 File Copy: C:\Python25\Lib\site-packages\numpy\numarray\ufuncs.py
200 File Copy: C:\Python25\Lib\site-packages\numpy\numarray\util.py
200 File Copy: C:\Python25\Lib\site-packages\numpy\numarray\_capi.pyd
200 File Copy: C:\Python25\Lib\site-packages\numpy\numarray\__init__.py
100 Made Dir: C:\Python25\Lib\site-packages\numpy\numarray\numpy
200 File Copy: C:\Python25\Lib\site-packages\numpy\numarray\numpy\arraybase.h
200 File Copy: C:\Python25\Lib\site-packages\numpy\numarray\numpy\cfunc.h
200 File Copy: C:\Python25\Lib\site-packages\numpy\numarray\numpy\ieeespecial.h
200 File Copy: C:\Python25\Lib\site-packages\numpy\numarray\numpy\libnumarray.h
200 File Copy: C:\Python25\Lib\site-packages\numpy\numarray\numpy\numcomplex.h
200 File Copy: C:\Python25\Lib\site-packages\numpy\numarray\numpy\nummacro.h
100 Made Dir: C:\Python25\Lib\site-packages\numpy\oldnumeric
200 File Copy: C:\Python25\Lib\site-packages\numpy\oldnumeric\alter_code1.py
200 File Copy: C:\Python25\Lib\site-packages\numpy\oldnumeric\alter_code2.py
200 File Copy: C:\Python25\Lib\site-packages\numpy\oldnumeric\arrayfns.py
200 File Copy: C:\Python25\Lib\site-packages\numpy\oldnumeric\array_printer.py
200 File Copy: C:\Python25\Lib\site-packages\numpy\oldnumeric\compat.py
200 File Copy: C:\Python25\Lib\site-packages\numpy\oldnumeric\fft.py
200 File Copy: C:\Python25\Lib\site-packages\numpy\oldnumeric\fix_default_axis.py
200 File Copy: C:\Python25\Lib\site-packages\numpy\oldnumeric\functions.py
200 File Copy: C:\Python25\Lib\site-packages\numpy\oldnumeric\linear_algebra.py
200 File Copy: C:\Python25\Lib\site-packages\numpy\oldnumeric\ma.py
200 File Copy: C:\Python25\Lib\site-packages\numpy\oldnumeric\matrix.py
200 File Copy: C:\Python25\Lib\site-packages\numpy\oldnumeric\misc.py
200 File Copy: C:\Python25\Lib\site-packages\numpy\oldnumeric\mlab.py
200 File Copy: C:\Python25\Lib\site-packages\numpy\oldnumeric\precision.py
200 File Copy: C:\Python25\Lib\site-packages\numpy\oldnumeric\random_array.py
200 File Copy: C:\Python25\Lib\site-packages\numpy\oldnumeric\rng.py
200 File Copy: C:\Python25\Lib\site-packages\numpy\oldnumeric\rng_stats.py
200 File Copy: C:\Python25\Lib\site-packages\numpy\oldnumeric\setup.py
200 File Copy: C:\Python25\Lib\site-packages\numpy\oldnumeric\setupscons.py
200 File Copy: C:\Python25\Lib\site-packages\numpy\oldnumeric\typeconv.py
200 File Copy: C:\Python25\Lib\site-packages\numpy\oldnumeric\ufuncs.py
200 File Copy: C:\Python25\Lib\site-packages\numpy\oldnumeric\user_array.py
200 File Copy: C:\Python25\Lib\site-packages\numpy\oldnumeric\__init__.py
100 Made Dir: C:\Python25\Lib\site-packages\numpy\random
200 File Copy: C:\Python25\Lib\site-packages\numpy\random\info.py
200 File Copy: C:\Python25\Lib\site-packages\numpy\random\mtrand.pyd
200 File Copy: C:\Python25\Lib\site-packages\numpy\random\randomkit.h
200 File Copy: C:\Python25\Lib\site-packages\numpy\random\setup.py
200 File Copy: C:\Python25\Lib\site-packages\numpy\random\setupscons.py
200 File Copy: C:\Python25\Lib\site-packages\numpy\random\__init__.py
100 Made Dir: C:\Python25\Lib\site-packages\numpy\random\tests
200 File Copy: C:\Python25\Lib\site-packages\numpy\random\tests\test_random.py
100 Made Dir: C:\Python25\Lib\site-packages\numpy\testing
200 File Copy: C:\Python25\Lib\site-packages\numpy\testing\info.py
200 File Copy: C:\Python25\Lib\site-packages\numpy\testing\numpytest.py
200 File Copy: C:\Python25\Lib\site-packages\numpy\testing\parametric.py
200 File Copy: C:\Python25\Lib\site-packages\numpy\testing\setup.py
200 File Copy: C:\Python25\Lib\site-packages\numpy\testing\setupscons.py
200 File Copy: C:\Python25\Lib\site-packages\numpy\testing\utils.py
200 File Copy: C:\Python25\Lib\site-packages\numpy\testing\__init__.py
100 Made Dir: C:\Python25\Lib\site-packages\numpy\testing\tests
200 File Copy: C:\Python25\Lib\site-packages\numpy\testing\tests\test_utils.py
100 Made Dir: C:\Python25\Lib\site-packages\numpy\tests
200 File Copy: C:\Python25\Lib\site-packages\numpy\tests\test_ctypeslib.py
100 Made Dir: C:\Python25\Scripts
200 File Copy: C:\Python25\Scripts\f2py.py
200 File Copy: C:\Python25\Scripts\f2py.pyc
200 File Copy: C:\Python25\Lib\site-packages\numpy\tests\test_ctypeslib.pyc
200 File Copy: C:\Python25\Lib\site-packages\numpy\testing\tests\test_utils.pyc
200 File Copy: C:\Python25\Lib\site-packages\numpy\testing\__init__.pyc
200 File Copy: C:\Python25\Lib\site-packages\numpy\testing\utils.pyc
200 File Copy: C:\Python25\Lib\site-packages\numpy\testing\setupscons.pyc
200 File Copy: C:\Python25\Lib\site-packages\numpy\testing\setup.pyc
200 File Copy: C:\Python25\Lib\site-packages\numpy\testing\parametric.pyc
200 File Copy: C:\Python25\Lib\site-packages\numpy\testing\numpytest.pyc
200 File Copy: C:\Python25\Lib\site-packages\numpy\testing\info.pyc
200 File Copy: C:\Python25\Lib\site-packages\numpy\random\tests\test_random.pyc
200 File Copy: C:\Python25\Lib\site-packages\numpy\random\__init__.pyc
200 File Copy: C:\Python25\Lib\site-packages\numpy\random\setupscons.pyc
200 File Copy: C:\Python25\Lib\site-packages\numpy\random\setup.pyc
200 File Copy: C:\Python25\Lib\site-packages\numpy\random\info.pyc
200 File Copy: C:\Python25\Lib\site-packages\numpy\oldnumeric\__init__.pyc
200 File Copy: C:\Python25\Lib\site-packages\numpy\oldnumeric\user_array.pyc
200 File Copy: C:\Python25\Lib\site-packages\numpy\oldnumeric\ufuncs.pyc
200 File Copy: C:\Python25\Lib\site-packages\numpy\oldnumeric\typeconv.pyc
200 File Copy: C:\Python25\Lib\site-packages\numpy\oldnumeric\setupscons.pyc
200 File Copy: C:\Python25\Lib\site-packages\numpy\oldnumeric\setup.pyc
200 File Copy: C:\Python25\Lib\site-packages\numpy\oldnumeric\rng_stats.pyc
200 File Copy: C:\Python25\Lib\site-packages\numpy\oldnumeric\rng.pyc
200 File Copy: C:\Python25\Lib\site-packages\numpy\oldnumeric\random_array.pyc
200 File Copy: C:\Python25\Lib\site-packages\numpy\oldnumeric\precision.pyc
200 File Copy: C:\Python25\Lib\site-packages\numpy\oldnumeric\mlab.pyc
200 File Copy: C:\Python25\Lib\site-packages\numpy\oldnumeric\misc.pyc
200 File Copy: C:\Python25\Lib\site-packages\numpy\oldnumeric\matrix.pyc
200 File Copy: C:\Python25\Lib\site-packages\numpy\oldnumeric\ma.pyc
200 File Copy: C:\Python25\Lib\site-packages\numpy\oldnumeric\linear_algebra.pyc
200 File Copy: C:\Python25\Lib\site-packages\numpy\oldnumeric\functions.pyc
200 File Copy: C:\Python25\Lib\site-packages\numpy\oldnumeric\fix_default_axis.pyc
200 File Copy: C:\Python25\Lib\site-packages\numpy\oldnumeric\fft.pyc
200 File Copy: C:\Python25\Lib\site-packages\numpy\oldnumeric\compat.pyc
200 File Copy: C:\Python25\Lib\site-packages\numpy\oldnumeric\array_printer.pyc
200 File Copy: C:\Python25\Lib\site-packages\numpy\oldnumeric\arrayfns.pyc
200 File Copy: C:\Python25\Lib\site-packages\numpy\oldnumeric\alter_code2.pyc
200 File Copy: C:\Python25\Lib\site-packages\numpy\oldnumeric\alter_code1.pyc
200 File Copy: C:\Python25\Lib\site-packages\numpy\numarray\__init__.pyc
200 File Copy: C:\Python25\Lib\site-packages\numpy\numarray\util.pyc
200 File Copy: C:\Python25\Lib\site-packages\numpy\numarray\ufuncs.pyc
200 File Copy: C:\Python25\Lib\site-packages\numpy\numarray\setupscons.pyc
200 File Copy: C:\Python25\Lib\site-packages\numpy\numarray\setup.pyc
200 File Copy: C:\Python25\Lib\site-packages\numpy\numarray\session.pyc
200 File Copy: C:\Python25\Lib\site-packages\numpy\numarray\random_array.pyc
200 File Copy: C:\Python25\Lib\site-packages\numpy\numarray\numerictypes.pyc
200 File Copy: C:\Python25\Lib\site-packages\numpy\numarray\nd_image.pyc
200 File Copy: C:\Python25\Lib\site-packages\numpy\numarray\mlab.pyc
200 File Copy: C:\Python25\Lib\site-packages\numpy\numarray\matrix.pyc
200 File Copy: C:\Python25\Lib\site-packages\numpy\numarray\ma.pyc
200 File Copy: C:\Python25\Lib\site-packages\numpy\numarray\linear_algebra.pyc
200 File Copy: C:\Python25\Lib\site-packages\numpy\numarray\image.pyc
200 File Copy: C:\Python25\Lib\site-packages\numpy\numarray\functions.pyc
200 File Copy: C:\Python25\Lib\site-packages\numpy\numarray\fft.pyc
200 File Copy: C:\Python25\Lib\site-packages\numpy\numarray\convolve.pyc
200 File Copy: C:\Python25\Lib\site-packages\numpy\numarray\compat.pyc
200 File Copy: C:\Python25\Lib\site-packages\numpy\numarray\alter_code2.pyc
200 File Copy: C:\Python25\Lib\site-packages\numpy\numarray\alter_code1.pyc
200 File Copy: C:\Python25\Lib\site-packages\numpy\ma\tests\test_subclassing.pyc
200 File Copy: C:\Python25\Lib\site-packages\numpy\ma\tests\test_old_ma.pyc
200 File Copy: C:\Python25\Lib\site-packages\numpy\ma\tests\test_mrecords.pyc
200 File Copy: C:\Python25\Lib\site-packages\numpy\ma\tests\test_extras.pyc
200 File Copy: C:\Python25\Lib\site-packages\numpy\ma\tests\test_core.pyc
200 File Copy: C:\Python25\Lib\site-packages\numpy\ma\__init__.pyc
200 File Copy: C:\Python25\Lib\site-packages\numpy\ma\version.pyc
200 File Copy: C:\Python25\Lib\site-packages\numpy\ma\timer_comparison.pyc
200 File Copy: C:\Python25\Lib\site-packages\numpy\ma\testutils.pyc
200 File Copy: C:\Python25\Lib\site-packages\numpy\ma\setupscons.pyc
200 File Copy: C:\Python25\Lib\site-packages\numpy\ma\setup.pyc
200 File Copy: C:\Python25\Lib\site-packages\numpy\ma\mrecords.pyc
200 File Copy: C:\Python25\Lib\site-packages\numpy\ma\extras.pyc
200 File Copy: C:\Python25\Lib\site-packages\numpy\ma\core.pyc
200 File Copy: C:\Python25\Lib\site-packages\numpy\ma\bench.pyc
200 File Copy: C:\Python25\Lib\site-packages\numpy\linalg\tests\test_regression.pyc
200 File Copy: C:\Python25\Lib\site-packages\numpy\linalg\tests\test_linalg.pyc
200 File Copy: C:\Python25\Lib\site-packages\numpy\linalg\__init__.pyc
200 File Copy: C:\Python25\Lib\site-packages\numpy\linalg\setupscons.pyc
200 File Copy: C:\Python25\Lib\site-packages\numpy\linalg\setup.pyc
200 File Copy: C:\Python25\Lib\site-packages\numpy\linalg\linalg.pyc
200 File Copy: C:\Python25\Lib\site-packages\numpy\linalg\info.pyc
200 File Copy: C:\Python25\Lib\site-packages\numpy\lib\tests\test__datasource.pyc
200 File Copy: C:\Python25\Lib\site-packages\numpy\lib\tests\test_ufunclike.pyc
200 File Copy: C:\Python25\Lib\site-packages\numpy\lib\tests\test_type_check.pyc
200 File Copy: C:\Python25\Lib\site-packages\numpy\lib\tests\test_twodim_base.pyc
200 File Copy: C:\Python25\Lib\site-packages\numpy\lib\tests\test_shape_base.pyc
200 File Copy: C:\Python25\Lib\site-packages\numpy\lib\tests\test_regression.pyc
200 File Copy: C:\Python25\Lib\site-packages\numpy\lib\tests\test_polynomial.pyc
200 File Copy: C:\Python25\Lib\site-packages\numpy\lib\tests\test_machar.pyc
200 File Copy: C:\Python25\Lib\site-packages\numpy\lib\tests\test_io.pyc
200 File Copy: C:\Python25\Lib\site-packages\numpy\lib\tests\test_index_tricks.pyc
200 File Copy: C:\Python25\Lib\site-packages\numpy\lib\tests\test_getlimits.pyc
200 File Copy: C:\Python25\Lib\site-packages\numpy\lib\tests\test_function_base.pyc
200 File Copy: C:\Python25\Lib\site-packages\numpy\lib\tests\test_format.pyc
200 File Copy: C:\Python25\Lib\site-packages\numpy\lib\tests\test_financial.pyc
200 File Copy: C:\Python25\Lib\site-packages\numpy\lib\tests\test_arraysetops.pyc
200 File Copy: C:\Python25\Lib\site-packages\numpy\lib\__init__.pyc
200 File Copy: C:\Python25\Lib\site-packages\numpy\lib\_datasource.pyc
200 File Copy: C:\Python25\Lib\site-packages\numpy\lib\utils.pyc
200 File Copy: C:\Python25\Lib\site-packages\numpy\lib\user_array.pyc
200 File Copy: C:\Python25\Lib\site-packages\numpy\lib\ufunclike.pyc
200 File Copy: C:\Python25\Lib\site-packages\numpy\lib\type_check.pyc
200 File Copy: C:\Python25\Lib\site-packages\numpy\lib\twodim_base.pyc
200 File Copy: C:\Python25\Lib\site-packages\numpy\lib\shape_base.pyc
200 File Copy: C:\Python25\Lib\site-packages\numpy\lib\setupscons.pyc
200 File Copy: C:\Python25\Lib\site-packages\numpy\lib\setup.pyc
200 File Copy: C:\Python25\Lib\site-packages\numpy\lib\scimath.pyc
200 File Copy: C:\Python25\Lib\site-packages\numpy\lib\polynomial.pyc
200 File Copy: C:\Python25\Lib\site-packages\numpy\lib\machar.pyc
200 File Copy: C:\Python25\Lib\site-packages\numpy\lib\io.pyc
200 File Copy: C:\Python25\Lib\site-packages\numpy\lib\info.pyc
200 File Copy: C:\Python25\Lib\site-packages\numpy\lib\index_tricks.pyc
200 File Copy: C:\Python25\Lib\site-packages\numpy\lib\getlimits.pyc
200 File Copy: C:\Python25\Lib\site-packages\numpy\lib\function_base.pyc
200 File Copy: C:\Python25\Lib\site-packages\numpy\lib\format.pyc
200 File Copy: C:\Python25\Lib\site-packages\numpy\lib\financial.pyc
200 File Copy: C:\Python25\Lib\site-packages\numpy\lib\convdtype.pyc
200 File Copy: C:\Python25\Lib\site-packages\numpy\lib\arraysetops.pyc
200 File Copy: C:\Python25\Lib\site-packages\numpy\fft\tests\test_helper.pyc
200 File Copy: C:\Python25\Lib\site-packages\numpy\fft\tests\test_fftpack.pyc
200 File Copy: C:\Python25\Lib\site-packages\numpy\fft\__init__.pyc
200 File Copy: C:\Python25\Lib\site-packages\numpy\fft\setupscons.pyc
200 File Copy: C:\Python25\Lib\site-packages\numpy\fft\setup.pyc
200 File Copy: C:\Python25\Lib\site-packages\numpy\fft\info.pyc
200 File Copy: C:\Python25\Lib\site-packages\numpy\fft\helper.pyc
200 File Copy: C:\Python25\Lib\site-packages\numpy\fft\fftpack.pyc
200 File Copy: C:\Python25\Lib\site-packages\numpy\f2py\lib\parser\__init__.pyc
200 File Copy: C:\Python25\Lib\site-packages\numpy\f2py\lib\parser\utils.pyc
200 File Copy: C:\Python25\Lib\site-packages\numpy\f2py\lib\parser\typedecl_statements.pyc
200 File Copy: C:\Python25\Lib\site-packages\numpy\f2py\lib\parser\test_parser.pyc
200 File Copy: C:\Python25\Lib\site-packages\numpy\f2py\lib\parser\test_Fortran2003.pyc
200 File Copy: C:\Python25\Lib\site-packages\numpy\f2py\lib\parser\statements.pyc
200 File Copy: C:\Python25\Lib\site-packages\numpy\f2py\lib\parser\splitline.pyc
200 File Copy: C:\Python25\Lib\site-packages\numpy\f2py\lib\parser\sourceinfo.pyc
200 File Copy: C:\Python25\Lib\site-packages\numpy\f2py\lib\parser\readfortran.pyc
200 File Copy: C:\Python25\Lib\site-packages\numpy\f2py\lib\parser\pattern_tools.pyc
200 File Copy: C:\Python25\Lib\site-packages\numpy\f2py\lib\parser\parsefortran.pyc
200 File Copy: C:\Python25\Lib\site-packages\numpy\f2py\lib\parser\Fortran2003.pyc
200 File Copy: C:\Python25\Lib\site-packages\numpy\f2py\lib\parser\block_statements.pyc
200 File Copy: C:\Python25\Lib\site-packages\numpy\f2py\lib\parser\base_classes.pyc
200 File Copy: C:\Python25\Lib\site-packages\numpy\f2py\lib\parser\api.pyc
200 File Copy: C:\Python25\Lib\site-packages\numpy\f2py\lib\extgen\__init__.pyc
200 File Copy: C:\Python25\Lib\site-packages\numpy\f2py\lib\extgen\utils.pyc
200 File Copy: C:\Python25\Lib\site-packages\numpy\f2py\lib\extgen\setup_py.pyc
200 File Copy: C:\Python25\Lib\site-packages\numpy\f2py\lib\extgen\py_support.pyc
200 File Copy: C:\Python25\Lib\site-packages\numpy\f2py\lib\extgen\c_support.pyc
200 File Copy: C:\Python25\Lib\site-packages\numpy\f2py\lib\extgen\base.pyc
200 File Copy: C:\Python25\Lib\site-packages\numpy\f2py\lib\__init__.pyc
200 File Copy: C:\Python25\Lib\site-packages\numpy\f2py\lib\wrapper_base.pyc
200 File Copy: C:\Python25\Lib\site-packages\numpy\f2py\lib\setup.pyc
200 File Copy: C:\Python25\Lib\site-packages\numpy\f2py\lib\py_wrap_type.pyc
200 File Copy: C:\Python25\Lib\site-packages\numpy\f2py\lib\py_wrap_subprogram.pyc
200 File Copy: C:\Python25\Lib\site-packages\numpy\f2py\lib\py_wrap.pyc
200 File Copy: C:\Python25\Lib\site-packages\numpy\f2py\lib\nary.pyc
200 File Copy: C:\Python25\Lib\site-packages\numpy\f2py\lib\main.pyc
200 File Copy: C:\Python25\Lib\site-packages\numpy\f2py\lib\api.pyc
200 File Copy: C:\Python25\Lib\site-packages\numpy\f2py\docs\usersguide\setup_example.pyc
200 File Copy: C:\Python25\Lib\site-packages\numpy\f2py\docs\pytest.pyc
200 File Copy: C:\Python25\Lib\site-packages\numpy\f2py\__version__.pyc
200 File Copy: C:\Python25\Lib\site-packages\numpy\f2py\__svn_version__.pyc
200 File Copy: C:\Python25\Lib\site-packages\numpy\f2py\__init__.pyc
200 File Copy: C:\Python25\Lib\site-packages\numpy\f2py\use_rules.pyc
200 File Copy: C:\Python25\Lib\site-packages\numpy\f2py\setupscons.pyc
200 File Copy: C:\Python25\Lib\site-packages\numpy\f2py\setup.pyc
200 File Copy: C:\Python25\Lib\site-packages\numpy\f2py\rules.pyc
200 File Copy: C:\Python25\Lib\site-packages\numpy\f2py\info.pyc
200 File Copy: C:\Python25\Lib\site-packages\numpy\f2py\func2subr.pyc
200 File Copy: C:\Python25\Lib\site-packages\numpy\f2py\f90mod_rules.pyc
200 File Copy: C:\Python25\Lib\site-packages\numpy\f2py\f2py_testing.pyc
200 File Copy: C:\Python25\Lib\site-packages\numpy\f2py\f2py2e.pyc
200 File Copy: C:\Python25\Lib\site-packages\numpy\f2py\diagnose.pyc
200 File Copy: C:\Python25\Lib\site-packages\numpy\f2py\crackfortran.pyc
200 File Copy: C:\Python25\Lib\site-packages\numpy\f2py\common_rules.pyc
200 File Copy: C:\Python25\Lib\site-packages\numpy\f2py\cfuncs.pyc
200 File Copy: C:\Python25\Lib\site-packages\numpy\f2py\cb_rules.pyc
200 File Copy: C:\Python25\Lib\site-packages\numpy\f2py\capi_maps.pyc
200 File Copy: C:\Python25\Lib\site-packages\numpy\f2py\auxfuncs.pyc
200 File Copy: C:\Python25\Lib\site-packages\numpy\doc\swig\test\testVector.pyc
200 File Copy: C:\Python25\Lib\site-packages\numpy\doc\swig\test\testTensor.pyc
200 File Copy: C:\Python25\Lib\site-packages\numpy\doc\swig\test\testMatrix.pyc
200 File Copy: C:\Python25\Lib\site-packages\numpy\doc\swig\test\testFarray.pyc
200 File Copy: C:\Python25\Lib\site-packages\numpy\doc\swig\test\testArray.pyc
200 File Copy: C:\Python25\Lib\site-packages\numpy\doc\swig\test\setup.pyc
200 File Copy: C:\Python25\Lib\site-packages\numpy\doc\pyrex\setup.pyc
200 File Copy: C:\Python25\Lib\site-packages\numpy\doc\pyrex\run_test.pyc
200 File Copy: C:\Python25\Lib\site-packages\numpy\doc\newdtype_example\floatint\__init__.pyc
200 File Copy: C:\Python25\Lib\site-packages\numpy\doc\newdtype_example\setup.pyc
200 File Copy: C:\Python25\Lib\site-packages\numpy\doc\newdtype_example\example.pyc
200 File Copy: C:\Python25\Lib\site-packages\numpy\doc\cython\setup.pyc
200 File Copy: C:\Python25\Lib\site-packages\numpy\doc\cython\run_test.pyc
200 File Copy: C:\Python25\Lib\site-packages\numpy\doc\example.pyc
200 File Copy: C:\Python25\Lib\site-packages\numpy\distutils\tests\swig_ext\tests\test_example2.pyc
200 File Copy: C:\Python25\Lib\site-packages\numpy\distutils\tests\swig_ext\tests\test_example.pyc
200 File Copy: C:\Python25\Lib\site-packages\numpy\distutils\tests\swig_ext\__init__.pyc
200 File Copy: C:\Python25\Lib\site-packages\numpy\distutils\tests\swig_ext\setup.pyc
200 File Copy: C:\Python25\Lib\site-packages\numpy\distutils\tests\pyrex_ext\tests\test_primes.pyc
200 File Copy: C:\Python25\Lib\site-packages\numpy\distutils\tests\pyrex_ext\__init__.pyc
200 File Copy: C:\Python25\Lib\site-packages\numpy\distutils\tests\pyrex_ext\setup.pyc
200 File Copy: C:\Python25\Lib\site-packages\numpy\distutils\tests\gen_ext\tests\test_fib3.pyc
200 File Copy: C:\Python25\Lib\site-packages\numpy\distutils\tests\gen_ext\__init__.pyc
200 File Copy: C:\Python25\Lib\site-packages\numpy\distutils\tests\gen_ext\setup.pyc
200 File Copy: C:\Python25\Lib\site-packages\numpy\distutils\tests\f2py_f90_ext\tests\test_foo.pyc
200 File Copy: C:\Python25\Lib\site-packages\numpy\distutils\tests\f2py_f90_ext\__init__.pyc
200 File Copy: C:\Python25\Lib\site-packages\numpy\distutils\tests\f2py_f90_ext\setup.pyc
200 File Copy: C:\Python25\Lib\site-packages\numpy\distutils\tests\f2py_ext\tests\test_fib2.pyc
200 File Copy: C:\Python25\Lib\site-packages\numpy\distutils\tests\f2py_ext\__init__.pyc
200 File Copy: C:\Python25\Lib\site-packages\numpy\distutils\tests\f2py_ext\setup.pyc
200 File Copy: C:\Python25\Lib\site-packages\numpy\distutils\tests\test_misc_util.pyc
200 File Copy: C:\Python25\Lib\site-packages\numpy\distutils\tests\test_fcompiler_gnu.pyc
200 File Copy: C:\Python25\Lib\site-packages\numpy\distutils\tests\setup.pyc
200 File Copy: C:\Python25\Lib\site-packages\numpy\distutils\fcompiler\__init__.pyc
200 File Copy: C:\Python25\Lib\site-packages\numpy\distutils\fcompiler\vast.pyc
200 File Copy: C:\Python25\Lib\site-packages\numpy\distutils\fcompiler\sun.pyc
200 File Copy: C:\Python25\Lib\site-packages\numpy\distutils\fcompiler\pg.pyc
200 File Copy: C:\Python25\Lib\site-packages\numpy\distutils\fcompiler\none.pyc
200 File Copy: C:\Python25\Lib\site-packages\numpy\distutils\fcompiler\nag.pyc
200 File Copy: C:\Python25\Lib\site-packages\numpy\distutils\fcompiler\mips.pyc
200 File Copy: C:\Python25\Lib\site-packages\numpy\distutils\fcompiler\lahey.pyc
200 File Copy: C:\Python25\Lib\site-packages\numpy\distutils\fcompiler\intel.pyc
200 File Copy: C:\Python25\Lib\site-packages\numpy\distutils\fcompiler\ibm.pyc
200 File Copy: C:\Python25\Lib\site-packages\numpy\distutils\fcompiler\hpux.pyc
200 File Copy: C:\Python25\Lib\site-packages\numpy\distutils\fcompiler\gnu.pyc
200 File Copy: C:\Python25\Lib\site-packages\numpy\distutils\fcompiler\g95.pyc
200 File Copy: C:\Python25\Lib\site-packages\numpy\distutils\fcompiler\compaq.pyc
200 File Copy: C:\Python25\Lib\site-packages\numpy\distutils\fcompiler\absoft.pyc
200 File Copy: C:\Python25\Lib\site-packages\numpy\distutils\command\__init__.pyc
200 File Copy: C:\Python25\Lib\site-packages\numpy\distutils\command\sdist.pyc
200 File Copy: C:\Python25\Lib\site-packages\numpy\distutils\command\scons.pyc
200 File Copy: C:\Python25\Lib\site-packages\numpy\distutils\command\install_headers.pyc
200 File Copy: C:\Python25\Lib\site-packages\numpy\distutils\command\install_data.pyc
200 File Copy: C:\Python25\Lib\site-packages\numpy\distutils\command\install.pyc
200 File Copy: C:\Python25\Lib\site-packages\numpy\distutils\command\egg_info.pyc
200 File Copy: C:\Python25\Lib\site-packages\numpy\distutils\command\develop.pyc
200 File Copy: C:\Python25\Lib\site-packages\numpy\distutils\command\config_compiler.pyc
200 File Copy: C:\Python25\Lib\site-packages\numpy\distutils\command\config.pyc
200 File Copy: C:\Python25\Lib\site-packages\numpy\distutils\command\build_src.pyc
200 File Copy: C:\Python25\Lib\site-packages\numpy\distutils\command\build_scripts.pyc
200 File Copy: C:\Python25\Lib\site-packages\numpy\distutils\command\build_py.pyc
200 File Copy: C:\Python25\Lib\site-packages\numpy\distutils\command\build_ext.pyc
200 File Copy: C:\Python25\Lib\site-packages\numpy\distutils\command\build_clib.pyc
200 File Copy: C:\Python25\Lib\site-packages\numpy\distutils\command\build.pyc
200 File Copy: C:\Python25\Lib\site-packages\numpy\distutils\command\bdist_rpm.pyc
200 File Copy: C:\Python25\Lib\site-packages\numpy\distutils\__version__.pyc
200 File Copy: C:\Python25\Lib\site-packages\numpy\distutils\__init__.pyc
200 File Copy: C:\Python25\Lib\site-packages\numpy\distutils\__config__.pyc
200 File Copy: C:\Python25\Lib\site-packages\numpy\distutils\unixccompiler.pyc
200 File Copy: C:\Python25\Lib\site-packages\numpy\distutils\system_info.pyc
200 File Copy: C:\Python25\Lib\site-packages\numpy\distutils\setupscons.pyc
200 File Copy: C:\Python25\Lib\site-packages\numpy\distutils\setup.pyc
200 File Copy: C:\Python25\Lib\site-packages\numpy\distutils\numpy_distribution.pyc
200 File Copy: C:\Python25\Lib\site-packages\numpy\distutils\misc_util.pyc
200 File Copy: C:\Python25\Lib\site-packages\numpy\distutils\mingw32ccompiler.pyc
200 File Copy: C:\Python25\Lib\site-packages\numpy\distutils\log.pyc
200 File Copy: C:\Python25\Lib\site-packages\numpy\distutils\line_endings.pyc
200 File Copy: C:\Python25\Lib\site-packages\numpy\distutils\lib2def.pyc
200 File Copy: C:\Python25\Lib\site-packages\numpy\distutils\interactive.pyc
200 File Copy: C:\Python25\Lib\site-packages\numpy\distutils\intelccompiler.pyc
200 File Copy: C:\Python25\Lib\site-packages\numpy\distutils\info.pyc
200 File Copy: C:\Python25\Lib\site-packages\numpy\distutils\from_template.pyc
200 File Copy: C:\Python25\Lib\site-packages\numpy\distutils\extension.pyc
200 File Copy: C:\Python25\Lib\site-packages\numpy\distutils\exec_command.pyc
200 File Copy: C:\Python25\Lib\site-packages\numpy\distutils\environment.pyc
200 File Copy: C:\Python25\Lib\site-packages\numpy\distutils\cpuinfo.pyc
200 File Copy: C:\Python25\Lib\site-packages\numpy\distutils\core.pyc
200 File Copy: C:\Python25\Lib\site-packages\numpy\distutils\conv_template.pyc
200 File Copy: C:\Python25\Lib\site-packages\numpy\distutils\ccompiler.pyc
200 File Copy: C:\Python25\Lib\site-packages\numpy\core\tests\test_unicode.pyc
200 File Copy: C:\Python25\Lib\site-packages\numpy\core\tests\test_umath.pyc
200 File Copy: C:\Python25\Lib\site-packages\numpy\core\tests\test_ufunc.pyc
200 File Copy: C:\Python25\Lib\site-packages\numpy\core\tests\test_scalarmath.pyc
200 File Copy: C:\Python25\Lib\site-packages\numpy\core\tests\test_regression.pyc
200 File Copy: C:\Python25\Lib\site-packages\numpy\core\tests\test_records.pyc
200 File Copy: C:\Python25\Lib\site-packages\numpy\core\tests\test_numerictypes.pyc
200 File Copy: C:\Python25\Lib\site-packages\numpy\core\tests\test_numeric.pyc
200 File Copy: C:\Python25\Lib\site-packages\numpy\core\tests\test_multiarray.pyc
200 File Copy: C:\Python25\Lib\site-packages\numpy\core\tests\test_memmap.pyc
200 File Copy: C:\Python25\Lib\site-packages\numpy\core\tests\test_errstate.pyc
200 File Copy: C:\Python25\Lib\site-packages\numpy\core\tests\test_defmatrix.pyc
200 File Copy: C:\Python25\Lib\site-packages\numpy\core\__svn_version__.pyc
200 File Copy: C:\Python25\Lib\site-packages\numpy\core\__init__.pyc
200 File Copy: C:\Python25\Lib\site-packages\numpy\core\_internal.pyc
200 File Copy: C:\Python25\Lib\site-packages\numpy\core\setupscons.pyc
200 File Copy: C:\Python25\Lib\site-packages\numpy\core\setup.pyc
200 File Copy: C:\Python25\Lib\site-packages\numpy\core\scons_support.pyc
200 File Copy: C:\Python25\Lib\site-packages\numpy\core\records.pyc
200 File Copy: C:\Python25\Lib\site-packages\numpy\core\numerictypes.pyc
200 File Copy: C:\Python25\Lib\site-packages\numpy\core\numeric.pyc
200 File Copy: C:\Python25\Lib\site-packages\numpy\core\memmap.pyc
200 File Copy: C:\Python25\Lib\site-packages\numpy\core\info.pyc
200 File Copy: C:\Python25\Lib\site-packages\numpy\core\generate_array_api.pyc
200 File Copy: C:\Python25\Lib\site-packages\numpy\core\fromnumeric.pyc
200 File Copy: C:\Python25\Lib\site-packages\numpy\core\defmatrix.pyc
200 File Copy: C:\Python25\Lib\site-packages\numpy\core\defchararray.pyc
200 File Copy: C:\Python25\Lib\site-packages\numpy\core\arrayprint.pyc
200 File Copy: C:\Python25\Lib\site-packages\numpy\__init__.pyc
200 File Copy: C:\Python25\Lib\site-packages\numpy\__config__.pyc
200 File Copy: C:\Python25\Lib\site-packages\numpy\_import_tools.pyc
200 File Copy: C:\Python25\Lib\site-packages\numpy\version.pyc
200 File Copy: C:\Python25\Lib\site-packages\numpy\setupscons.pyc
200 File Copy: C:\Python25\Lib\site-packages\numpy\setup.pyc
200 File Copy: C:\Python25\Lib\site-packages\numpy\matlib.pyc
200 File Copy: C:\Python25\Lib\site-packages\numpy\dual.pyc
200 File Copy: C:\Python25\Lib\site-packages\numpy\ctypeslib.pyc
200 File Copy: C:\Python25\Lib\site-packages\numpy\add_newdocs.pyc
200 File Copy: C:\Python25\Scripts\f2py.pyo
200 File Copy: C:\Python25\Lib\site-packages\numpy\tests\test_ctypeslib.pyo
200 File Copy: C:\Python25\Lib\site-packages\numpy\testing\tests\test_utils.pyo
200 File Copy: C:\Python25\Lib\site-packages\numpy\testing\__init__.pyo
200 File Copy: C:\Python25\Lib\site-packages\numpy\testing\utils.pyo
200 File Copy: C:\Python25\Lib\site-packages\numpy\testing\setupscons.pyo
200 File Copy: C:\Python25\Lib\site-packages\numpy\testing\setup.pyo
200 File Copy: C:\Python25\Lib\site-packages\numpy\testing\parametric.pyo
200 File Copy: C:\Python25\Lib\site-packages\numpy\testing\numpytest.pyo
200 File Copy: C:\Python25\Lib\site-packages\numpy\testing\info.pyo
200 File Copy: C:\Python25\Lib\site-packages\numpy\random\tests\test_random.pyo
200 File Copy: C:\Python25\Lib\site-packages\numpy\random\__init__.pyo
200 File Copy: C:\Python25\Lib\site-packages\numpy\random\setupscons.pyo
200 File Copy: C:\Python25\Lib\site-packages\numpy\random\setup.pyo
200 File Copy: C:\Python25\Lib\site-packages\numpy\random\info.pyo
200 File Copy: C:\Python25\Lib\site-packages\numpy\oldnumeric\__init__.pyo
200 File Copy: C:\Python25\Lib\site-packages\numpy\oldnumeric\user_array.pyo
200 File Copy: C:\Python25\Lib\site-packages\numpy\oldnumeric\ufuncs.pyo
200 File Copy: C:\Python25\Lib\site-packages\numpy\oldnumeric\typeconv.pyo
200 File Copy: C:\Python25\Lib\site-packages\numpy\oldnumeric\setupscons.pyo
200 File Copy: C:\Python25\Lib\site-packages\numpy\oldnumeric\setup.pyo
200 File Copy: C:\Python25\Lib\site-packages\numpy\oldnumeric\rng_stats.pyo
200 File Copy: C:\Python25\Lib\site-packages\numpy\oldnumeric\rng.pyo
200 File Copy: C:\Python25\Lib\site-packages\numpy\oldnumeric\random_array.pyo
200 File Copy: C:\Python25\Lib\site-packages\numpy\oldnumeric\precision.pyo
200 File Copy: C:\Python25\Lib\site-packages\numpy\oldnumeric\mlab.pyo
200 File Copy: C:\Python25\Lib\site-packages\numpy\oldnumeric\misc.pyo
200 File Copy: C:\Python25\Lib\site-packages\numpy\oldnumeric\matrix.pyo
200 File Copy: C:\Python25\Lib\site-packages\numpy\oldnumeric\ma.pyo
200 File Copy: C:\Python25\Lib\site-packages\numpy\oldnumeric\linear_algebra.pyo
200 File Copy: C:\Python25\Lib\site-packages\numpy\oldnumeric\functions.pyo
200 File Copy: C:\Python25\Lib\site-packages\numpy\oldnumeric\fix_default_axis.pyo
200 File Copy: C:\Python25\Lib\site-packages\numpy\oldnumeric\fft.pyo
200 File Copy: C:\Python25\Lib\site-packages\numpy\oldnumeric\compat.pyo
200 File Copy: C:\Python25\Lib\site-packages\numpy\oldnumeric\array_printer.pyo
200 File Copy: C:\Python25\Lib\site-packages\numpy\oldnumeric\arrayfns.pyo
200 File Copy: C:\Python25\Lib\site-packages\numpy\oldnumeric\alter_code2.pyo
200 File Copy: C:\Python25\Lib\site-packages\numpy\oldnumeric\alter_code1.pyo
200 File Copy: C:\Python25\Lib\site-packages\numpy\numarray\__init__.pyo
200 File Copy: C:\Python25\Lib\site-packages\numpy\numarray\util.pyo
200 File Copy: C:\Python25\Lib\site-packages\numpy\numarray\ufuncs.pyo
200 File Copy: C:\Python25\Lib\site-packages\numpy\numarray\setupscons.pyo
200 File Copy: C:\Python25\Lib\site-packages\numpy\numarray\setup.pyo
200 File Copy: C:\Python25\Lib\site-packages\numpy\numarray\session.pyo
200 File Copy: C:\Python25\Lib\site-packages\numpy\numarray\random_array.pyo
200 File Copy: C:\Python25\Lib\site-packages\numpy\numarray\numerictypes.pyo
200 File Copy: C:\Python25\Lib\site-packages\numpy\numarray\nd_image.pyo
200 File Copy: C:\Python25\Lib\site-packages\numpy\numarray\mlab.pyo
200 File Copy: C:\Python25\Lib\site-packages\numpy\numarray\matrix.pyo
200 File Copy: C:\Python25\Lib\site-packages\numpy\numarray\ma.pyo
200 File Copy: C:\Python25\Lib\site-packages\numpy\numarray\linear_algebra.pyo
200 File Copy: C:\Python25\Lib\site-packages\numpy\numarray\image.pyo
200 File Copy: C:\Python25\Lib\site-packages\numpy\numarray\functions.pyo
200 File Copy: C:\Python25\Lib\site-packages\numpy\numarray\fft.pyo
200 File Copy: C:\Python25\Lib\site-packages\numpy\numarray\convolve.pyo
200 File Copy: C:\Python25\Lib\site-packages\numpy\numarray\compat.pyo
200 File Copy: C:\Python25\Lib\site-packages\numpy\numarray\alter_code2.pyo
200 File Copy: C:\Python25\Lib\site-packages\numpy\numarray\alter_code1.pyo
200 File Copy: C:\Python25\Lib\site-packages\numpy\ma\tests\test_subclassing.pyo
200 File Copy: C:\Python25\Lib\site-packages\numpy\ma\tests\test_old_ma.pyo
200 File Copy: C:\Python25\Lib\site-packages\numpy\ma\tests\test_mrecords.pyo
200 File Copy: C:\Python25\Lib\site-packages\numpy\ma\tests\test_extras.pyo
200 File Copy: C:\Python25\Lib\site-packages\numpy\ma\tests\test_core.pyo
200 File Copy: C:\Python25\Lib\site-packages\numpy\ma\__init__.pyo
200 File Copy: C:\Python25\Lib\site-packages\numpy\ma\version.pyo
200 File Copy: C:\Python25\Lib\site-packages\numpy\ma\timer_comparison.pyo
200 File Copy: C:\Python25\Lib\site-packages\numpy\ma\testutils.pyo
200 File Copy: C:\Python25\Lib\site-packages\numpy\ma\setupscons.pyo
200 File Copy: C:\Python25\Lib\site-packages\numpy\ma\setup.pyo
200 File Copy: C:\Python25\Lib\site-packages\numpy\ma\mrecords.pyo
200 File Copy: C:\Python25\Lib\site-packages\numpy\ma\extras.pyo
200 File Copy: C:\Python25\Lib\site-packages\numpy\ma\core.pyo
200 File Copy: C:\Python25\Lib\site-packages\numpy\ma\bench.pyo
200 File Copy: C:\Python25\Lib\site-packages\numpy\linalg\tests\test_regression.pyo
200 File Copy: C:\Python25\Lib\site-packages\numpy\linalg\tests\test_linalg.pyo
200 File Copy: C:\Python25\Lib\site-packages\numpy\linalg\__init__.pyo
200 File Copy: C:\Python25\Lib\site-packages\numpy\linalg\setupscons.pyo
200 File Copy: C:\Python25\Lib\site-packages\numpy\linalg\setup.pyo
200 File Copy: C:\Python25\Lib\site-packages\numpy\linalg\linalg.pyo
200 File Copy: C:\Python25\Lib\site-packages\numpy\linalg\info.pyo
200 File Copy: C:\Python25\Lib\site-packages\numpy\lib\tests\test__datasource.pyo
200 File Copy: C:\Python25\Lib\site-packages\numpy\lib\tests\test_ufunclike.pyo
200 File Copy: C:\Python25\Lib\site-packages\numpy\lib\tests\test_type_check.pyo
200 File Copy: C:\Python25\Lib\site-packages\numpy\lib\tests\test_twodim_base.pyo
200 File Copy: C:\Python25\Lib\site-packages\numpy\lib\tests\test_shape_base.pyo
200 File Copy: C:\Python25\Lib\site-packages\numpy\lib\tests\test_regression.pyo
200 File Copy: C:\Python25\Lib\site-packages\numpy\lib\tests\test_polynomial.pyo
200 File Copy: C:\Python25\Lib\site-packages\numpy\lib\tests\test_machar.pyo
200 File Copy: C:\Python25\Lib\site-packages\numpy\lib\tests\test_io.pyo
200 File Copy: C:\Python25\Lib\site-packages\numpy\lib\tests\test_index_tricks.pyo
200 File Copy: C:\Python25\Lib\site-packages\numpy\lib\tests\test_getlimits.pyo
200 File Copy: C:\Python25\Lib\site-packages\numpy\lib\tests\test_function_base.pyo
200 File Copy: C:\Python25\Lib\site-packages\numpy\lib\tests\test_format.pyo
200 File Copy: C:\Python25\Lib\site-packages\numpy\lib\tests\test_financial.pyo
200 File Copy: C:\Python25\Lib\site-packages\numpy\lib\tests\test_arraysetops.pyo
200 File Copy: C:\Python25\Lib\site-packages\numpy\lib\__init__.pyo
200 File Copy: C:\Python25\Lib\site-packages\numpy\lib\_datasource.pyo
200 File Copy: C:\Python25\Lib\site-packages\numpy\lib\utils.pyo
200 File Copy: C:\Python25\Lib\site-packages\numpy\lib\user_array.pyo
200 File Copy: C:\Python25\Lib\site-packages\numpy\lib\ufunclike.pyo
200 File Copy: C:\Python25\Lib\site-packages\numpy\lib\type_check.pyo
200 File Copy: C:\Python25\Lib\site-packages\numpy\lib\twodim_base.pyo
200 File Copy: C:\Python25\Lib\site-packages\numpy\lib\shape_base.pyo
200 File Copy: C:\Python25\Lib\site-packages\numpy\lib\setupscons.pyo
200 File Copy: C:\Python25\Lib\site-packages\numpy\lib\setup.pyo
200 File Copy: C:\Python25\Lib\site-packages\numpy\lib\scimath.pyo
200 File Copy: C:\Python25\Lib\site-packages\numpy\lib\polynomial.pyo
200 File Copy: C:\Python25\Lib\site-packages\numpy\lib\machar.pyo
200 File Copy: C:\Python25\Lib\site-packages\numpy\lib\io.pyo
200 File Copy: C:\Python25\Lib\site-packages\numpy\lib\info.pyo
200 File Copy: C:\Python25\Lib\site-packages\numpy\lib\index_tricks.pyo
200 File Copy: C:\Python25\Lib\site-packages\numpy\lib\getlimits.pyo
200 File Copy: C:\Python25\Lib\site-packages\numpy\lib\function_base.pyo
200 File Copy: C:\Python25\Lib\site-packages\numpy\lib\format.pyo
200 File Copy: C:\Python25\Lib\site-packages\numpy\lib\financial.pyo
200 File Copy: C:\Python25\Lib\site-packages\numpy\lib\convdtype.pyo
200 File Copy: C:\Python25\Lib\site-packages\numpy\lib\arraysetops.pyo
200 File Copy: C:\Python25\Lib\site-packages\numpy\fft\tests\test_helper.pyo
200 File Copy: C:\Python25\Lib\site-packages\numpy\fft\tests\test_fftpack.pyo
200 File Copy: C:\Python25\Lib\site-packages\numpy\fft\__init__.pyo
200 File Copy: C:\Python25\Lib\site-packages\numpy\fft\setupscons.pyo
200 File Copy: C:\Python25\Lib\site-packages\numpy\fft\setup.pyo
200 File Copy: C:\Python25\Lib\site-packages\numpy\fft\info.pyo
200 File Copy: C:\Python25\Lib\site-packages\numpy\fft\helper.pyo
200 File Copy: C:\Python25\Lib\site-packages\numpy\fft\fftpack.pyo
200 File Copy: C:\Python25\Lib\site-packages\numpy\f2py\lib\parser\__init__.pyo
200 File Copy: C:\Python25\Lib\site-packages\numpy\f2py\lib\parser\utils.pyo
200 File Copy: C:\Python25\Lib\site-packages\numpy\f2py\lib\parser\typedecl_statements.pyo
200 File Copy: C:\Python25\Lib\site-packages\numpy\f2py\lib\parser\test_parser.pyo
200 File Copy: C:\Python25\Lib\site-packages\numpy\f2py\lib\parser\test_Fortran2003.pyo
200 File Copy: C:\Python25\Lib\site-packages\numpy\f2py\lib\parser\statements.pyo
200 File Copy: C:\Python25\Lib\site-packages\numpy\f2py\lib\parser\splitline.pyo
200 File Copy: C:\Python25\Lib\site-packages\numpy\f2py\lib\parser\sourceinfo.pyo
200 File Copy: C:\Python25\Lib\site-packages\numpy\f2py\lib\parser\readfortran.pyo
200 File Copy: C:\Python25\Lib\site-packages\numpy\f2py\lib\parser\pattern_tools.pyo
200 File Copy: C:\Python25\Lib\site-packages\numpy\f2py\lib\parser\parsefortran.pyo
200 File Copy: C:\Python25\Lib\site-packages\numpy\f2py\lib\parser\Fortran2003.pyo
200 File Copy: C:\Python25\Lib\site-packages\numpy\f2py\lib\parser\block_statements.pyo
200 File Copy: C:\Python25\Lib\site-packages\numpy\f2py\lib\parser\base_classes.pyo
200 File Copy: C:\Python25\Lib\site-packages\numpy\f2py\lib\parser\api.pyo
200 File Copy: C:\Python25\Lib\site-packages\numpy\f2py\lib\extgen\__init__.pyo
200 File Copy: C:\Python25\Lib\site-packages\numpy\f2py\lib\extgen\utils.pyo
200 File Copy: C:\Python25\Lib\site-packages\numpy\f2py\lib\extgen\setup_py.pyo
200 File Copy: C:\Python25\Lib\site-packages\numpy\f2py\lib\extgen\py_support.pyo
200 File Copy: C:\Python25\Lib\site-packages\numpy\f2py\lib\extgen\c_support.pyo
200 File Copy: C:\Python25\Lib\site-packages\numpy\f2py\lib\extgen\base.pyo
200 File Copy: C:\Python25\Lib\site-packages\numpy\f2py\lib\__init__.pyo
200 File Copy: C:\Python25\Lib\site-packages\numpy\f2py\lib\wrapper_base.pyo
200 File Copy: C:\Python25\Lib\site-packages\numpy\f2py\lib\setup.pyo
200 File Copy: C:\Python25\Lib\site-packages\numpy\f2py\lib\py_wrap_type.pyo
200 File Copy: C:\Python25\Lib\site-packages\numpy\f2py\lib\py_wrap_subprogram.pyo
200 File Copy: C:\Python25\Lib\site-packages\numpy\f2py\lib\py_wrap.pyo
200 File Copy: C:\Python25\Lib\site-packages\numpy\f2py\lib\nary.pyo
200 File Copy: C:\Python25\Lib\site-packages\numpy\f2py\lib\main.pyo
200 File Copy: C:\Python25\Lib\site-packages\numpy\f2py\lib\api.pyo
200 File Copy: C:\Python25\Lib\site-packages\numpy\f2py\docs\usersguide\setup_example.pyo
200 File Copy: C:\Python25\Lib\site-packages\numpy\f2py\docs\pytest.pyo
200 File Copy: C:\Python25\Lib\site-packages\numpy\f2py\__version__.pyo
200 File Copy: C:\Python25\Lib\site-packages\numpy\f2py\__svn_version__.pyo
200 File Copy: C:\Python25\Lib\site-packages\numpy\f2py\__init__.pyo
200 File Copy: C:\Python25\Lib\site-packages\numpy\f2py\use_rules.pyo
200 File Copy: C:\Python25\Lib\site-packages\numpy\f2py\setupscons.pyo
200 File Copy: C:\Python25\Lib\site-packages\numpy\f2py\setup.pyo
200 File Copy: C:\Python25\Lib\site-packages\numpy\f2py\rules.pyo
200 File Copy: C:\Python25\Lib\site-packages\numpy\f2py\info.pyo
200 File Copy: C:\Python25\Lib\site-packages\numpy\f2py\func2subr.pyo
200 File Copy: C:\Python25\Lib\site-packages\numpy\f2py\f90mod_rules.pyo
200 File Copy: C:\Python25\Lib\site-packages\numpy\f2py\f2py_testing.pyo
200 File Copy: C:\Python25\Lib\site-packages\numpy\f2py\f2py2e.pyo
200 File Copy: C:\Python25\Lib\site-packages\numpy\f2py\diagnose.pyo
200 File Copy: C:\Python25\Lib\site-packages\numpy\f2py\crackfortran.pyo
200 File Copy: C:\Python25\Lib\site-packages\numpy\f2py\common_rules.pyo
200 File Copy: C:\Python25\Lib\site-packages\numpy\f2py\cfuncs.pyo
200 File Copy: C:\Python25\Lib\site-packages\numpy\f2py\cb_rules.pyo
200 File Copy: C:\Python25\Lib\site-packages\numpy\f2py\capi_maps.pyo
200 File Copy: C:\Python25\Lib\site-packages\numpy\f2py\auxfuncs.pyo
200 File Copy: C:\Python25\Lib\site-packages\numpy\doc\swig\test\testVector.pyo
200 File Copy: C:\Python25\Lib\site-packages\numpy\doc\swig\test\testTensor.pyo
200 File Copy: C:\Python25\Lib\site-packages\numpy\doc\swig\test\testMatrix.pyo
200 File Copy: C:\Python25\Lib\site-packages\numpy\doc\swig\test\testFarray.pyo
200 File Copy: C:\Python25\Lib\site-packages\numpy\doc\swig\test\testArray.pyo
200 File Copy: C:\Python25\Lib\site-packages\numpy\doc\swig\test\setup.pyo
200 File Copy: C:\Python25\Lib\site-packages\numpy\doc\pyrex\setup.pyo
200 File Copy: C:\Python25\Lib\site-packages\numpy\doc\pyrex\run_test.pyo
200 File Copy: C:\Python25\Lib\site-packages\numpy\doc\newdtype_example\floatint\__init__.pyo
200 File Copy: C:\Python25\Lib\site-packages\numpy\doc\newdtype_example\setup.pyo
200 File Copy: C:\Python25\Lib\site-packages\numpy\doc\newdtype_example\example.pyo
200 File Copy: C:\Python25\Lib\site-packages\numpy\doc\cython\setup.pyo
200 File Copy: C:\Python25\Lib\site-packages\numpy\doc\cython\run_test.pyo
200 File Copy: C:\Python25\Lib\site-packages\numpy\doc\example.pyo
200 File Copy: C:\Python25\Lib\site-packages\numpy\distutils\tests\swig_ext\tests\test_example2.pyo
200 File Copy: C:\Python25\Lib\site-packages\numpy\distutils\tests\swig_ext\tests\test_example.pyo
200 File Copy: C:\Python25\Lib\site-packages\numpy\distutils\tests\swig_ext\__init__.pyo
200 File Copy: C:\Python25\Lib\site-packages\numpy\distutils\tests\swig_ext\setup.pyo
200 File Copy: C:\Python25\Lib\site-packages\numpy\distutils\tests\pyrex_ext\tests\test_primes.pyo
200 File Copy: C:\Python25\Lib\site-packages\numpy\distutils\tests\pyrex_ext\__init__.pyo
200 File Copy: C:\Python25\Lib\site-packages\numpy\distutils\tests\pyrex_ext\setup.pyo
200 File Copy: C:\Python25\Lib\site-packages\numpy\distutils\tests\gen_ext\tests\test_fib3.pyo
200 File Copy: C:\Python25\Lib\site-packages\numpy\distutils\tests\gen_ext\__init__.pyo
200 File Copy: C:\Python25\Lib\site-packages\numpy\distutils\tests\gen_ext\setup.pyo
200 File Copy: C:\Python25\Lib\site-packages\numpy\distutils\tests\f2py_f90_ext\tests\test_foo.pyo
200 File Copy: C:\Python25\Lib\site-packages\numpy\distutils\tests\f2py_f90_ext\__init__.pyo
200 File Copy: C:\Python25\Lib\site-packages\numpy\distutils\tests\f2py_f90_ext\setup.pyo
200 File Copy: C:\Python25\Lib\site-packages\numpy\distutils\tests\f2py_ext\tests\test_fib2.pyo
200 File Copy: C:\Python25\Lib\site-packages\numpy\distutils\tests\f2py_ext\__init__.pyo
200 File Copy: C:\Python25\Lib\site-packages\numpy\distutils\tests\f2py_ext\setup.pyo
200 File Copy: C:\Python25\Lib\site-packages\numpy\distutils\tests\test_misc_util.pyo
200 File Copy: C:\Python25\Lib\site-packages\numpy\distutils\tests\test_fcompiler_gnu.pyo
200 File Copy: C:\Python25\Lib\site-packages\numpy\distutils\tests\setup.pyo
200 File Copy: C:\Python25\Lib\site-packages\numpy\distutils\fcompiler\__init__.pyo
200 File Copy: C:\Python25\Lib\site-packages\numpy\distutils\fcompiler\vast.pyo
200 File Copy: C:\Python25\Lib\site-packages\numpy\distutils\fcompiler\sun.pyo
200 File Copy: C:\Python25\Lib\site-packages\numpy\distutils\fcompiler\pg.pyo
200 File Copy: C:\Python25\Lib\site-packages\numpy\distutils\fcompiler\none.pyo
200 File Copy: C:\Python25\Lib\site-packages\numpy\distutils\fcompiler\nag.pyo
200 File Copy: C:\Python25\Lib\site-packages\numpy\distutils\fcompiler\mips.pyo
200 File Copy: C:\Python25\Lib\site-packages\numpy\distutils\fcompiler\lahey.pyo
200 File Copy: C:\Python25\Lib\site-packages\numpy\distutils\fcompiler\intel.pyo
200 File Copy: C:\Python25\Lib\site-packages\numpy\distutils\fcompiler\ibm.pyo
200 File Copy: C:\Python25\Lib\site-packages\numpy\distutils\fcompiler\hpux.pyo
200 File Copy: C:\Python25\Lib\site-packages\numpy\distutils\fcompiler\gnu.pyo
200 File Copy: C:\Python25\Lib\site-packages\numpy\distutils\fcompiler\g95.pyo
200 File Copy: C:\Python25\Lib\site-packages\numpy\distutils\fcompiler\compaq.pyo
200 File Copy: C:\Python25\Lib\site-packages\numpy\distutils\fcompiler\absoft.pyo
200 File Copy: C:\Python25\Lib\site-packages\numpy\distutils\command\__init__.pyo
200 File Copy: C:\Python25\Lib\site-packages\numpy\distutils\command\sdist.pyo
200 File Copy: C:\Python25\Lib\site-packages\numpy\distutils\command\scons.pyo
200 File Copy: C:\Python25\Lib\site-packages\numpy\distutils\command\install_headers.pyo
200 File Copy: C:\Python25\Lib\site-packages\numpy\distutils\command\install_data.pyo
200 File Copy: C:\Python25\Lib\site-packages\numpy\distutils\command\install.pyo
200 File Copy: C:\Python25\Lib\site-packages\numpy\distutils\command\egg_info.pyo
200 File Copy: C:\Python25\Lib\site-packages\numpy\distutils\command\develop.pyo
200 File Copy: C:\Python25\Lib\site-packages\numpy\distutils\command\config_compiler.pyo
200 File Copy: C:\Python25\Lib\site-packages\numpy\distutils\command\config.pyo
200 File Copy: C:\Python25\Lib\site-packages\numpy\distutils\command\build_src.pyo
200 File Copy: C:\Python25\Lib\site-packages\numpy\distutils\command\build_scripts.pyo
200 File Copy: C:\Python25\Lib\site-packages\numpy\distutils\command\build_py.pyo
200 File Copy: C:\Python25\Lib\site-packages\numpy\distutils\command\build_ext.pyo
200 File Copy: C:\Python25\Lib\site-packages\numpy\distutils\command\build_clib.pyo
200 File Copy: C:\Python25\Lib\site-packages\numpy\distutils\command\build.pyo
200 File Copy: C:\Python25\Lib\site-packages\numpy\distutils\command\bdist_rpm.pyo
200 File Copy: C:\Python25\Lib\site-packages\numpy\distutils\__version__.pyo
200 File Copy: C:\Python25\Lib\site-packages\numpy\distutils\__init__.pyo
200 File Copy: C:\Python25\Lib\site-packages\numpy\distutils\__config__.pyo
200 File Copy: C:\Python25\Lib\site-packages\numpy\distutils\unixccompiler.pyo
200 File Copy: C:\Python25\Lib\site-packages\numpy\distutils\system_info.pyo
200 File Copy: C:\Python25\Lib\site-packages\numpy\distutils\setupscons.pyo
200 File Copy: C:\Python25\Lib\site-packages\numpy\distutils\setup.pyo
200 File Copy: C:\Python25\Lib\site-packages\numpy\distutils\numpy_distribution.pyo
200 File Copy: C:\Python25\Lib\site-packages\numpy\distutils\misc_util.pyo
200 File Copy: C:\Python25\Lib\site-packages\numpy\distutils\mingw32ccompiler.pyo
200 File Copy: C:\Python25\Lib\site-packages\numpy\distutils\log.pyo
200 File Copy: C:\Python25\Lib\site-packages\numpy\distutils\line_endings.pyo
200 File Copy: C:\Python25\Lib\site-packages\numpy\distutils\lib2def.pyo
200 File Copy: C:\Python25\Lib\site-packages\numpy\distutils\interactive.pyo
200 File Copy: C:\Python25\Lib\site-packages\numpy\distutils\intelccompiler.pyo
200 File Copy: C:\Python25\Lib\site-packages\numpy\distutils\info.pyo
200 File Copy: C:\Python25\Lib\site-packages\numpy\distutils\from_template.pyo
200 File Copy: C:\Python25\Lib\site-packages\numpy\distutils\extension.pyo
200 File Copy: C:\Python25\Lib\site-packages\numpy\distutils\exec_command.pyo
200 File Copy: C:\Python25\Lib\site-packages\numpy\distutils\environment.pyo
200 File Copy: C:\Python25\Lib\site-packages\numpy\distutils\cpuinfo.pyo
200 File Copy: C:\Python25\Lib\site-packages\numpy\distutils\core.pyo
200 File Copy: C:\Python25\Lib\site-packages\numpy\distutils\conv_template.pyo
200 File Copy: C:\Python25\Lib\site-packages\numpy\distutils\ccompiler.pyo
200 File Copy: C:\Python25\Lib\site-packages\numpy\core\tests\test_unicode.pyo
200 File Copy: C:\Python25\Lib\site-packages\numpy\core\tests\test_umath.pyo
200 File Copy: C:\Python25\Lib\site-packages\numpy\core\tests\test_ufunc.pyo
200 File Copy: C:\Python25\Lib\site-packages\numpy\core\tests\test_scalarmath.pyo
200 File Copy: C:\Python25\Lib\site-packages\numpy\core\tests\test_regression.pyo
200 File Copy: C:\Python25\Lib\site-packages\numpy\core\tests\test_records.pyo
200 File Copy: C:\Python25\Lib\site-packages\numpy\core\tests\test_numerictypes.pyo
200 File Copy: C:\Python25\Lib\site-packages\numpy\core\tests\test_numeric.pyo
200 File Copy: C:\Python25\Lib\site-packages\numpy\core\tests\test_multiarray.pyo
200 File Copy: C:\Python25\Lib\site-packages\numpy\core\tests\test_memmap.pyo
200 File Copy: C:\Python25\Lib\site-packages\numpy\core\tests\test_errstate.pyo
200 File Copy: C:\Python25\Lib\site-packages\numpy\core\tests\test_defmatrix.pyo
200 File Copy: C:\Python25\Lib\site-packages\numpy\core\__svn_version__.pyo
200 File Copy: C:\Python25\Lib\site-packages\numpy\core\__init__.pyo
200 File Copy: C:\Python25\Lib\site-packages\numpy\core\_internal.pyo
200 File Copy: C:\Python25\Lib\site-packages\numpy\core\setupscons.pyo
200 File Copy: C:\Python25\Lib\site-packages\numpy\core\setup.pyo
200 File Copy: C:\Python25\Lib\site-packages\numpy\core\scons_support.pyo
200 File Copy: C:\Python25\Lib\site-packages\numpy\core\records.pyo
200 File Copy: C:\Python25\Lib\site-packages\numpy\core\numerictypes.pyo
200 File Copy: C:\Python25\Lib\site-packages\numpy\core\numeric.pyo
200 File Copy: C:\Python25\Lib\site-packages\numpy\core\memmap.pyo
200 File Copy: C:\Python25\Lib\site-packages\numpy\core\info.pyo
200 File Copy: C:\Python25\Lib\site-packages\numpy\core\generate_array_api.pyo
200 File Copy: C:\Python25\Lib\site-packages\numpy\core\fromnumeric.pyo
200 File Copy: C:\Python25\Lib\site-packages\numpy\core\defmatrix.pyo
200 File Copy: C:\Python25\Lib\site-packages\numpy\core\defchararray.pyo
200 File Copy: C:\Python25\Lib\site-packages\numpy\core\arrayprint.pyo
200 File Copy: C:\Python25\Lib\site-packages\numpy\__init__.pyo
200 File Copy: C:\Python25\Lib\site-packages\numpy\__config__.pyo
200 File Copy: C:\Python25\Lib\site-packages\numpy\_import_tools.pyo
200 File Copy: C:\Python25\Lib\site-packages\numpy\version.pyo
200 File Copy: C:\Python25\Lib\site-packages\numpy\setupscons.pyo
200 File Copy: C:\Python25\Lib\site-packages\numpy\setup.pyo
200 File Copy: C:\Python25\Lib\site-packages\numpy\matlib.pyo
200 File Copy: C:\Python25\Lib\site-packages\numpy\dual.pyo
200 File Copy: C:\Python25\Lib\site-packages\numpy\ctypeslib.pyo
200 File Copy: C:\Python25\Lib\site-packages\numpy\add_newdocs.pyo
